{"/Users/tusharagey/Desktop/progs/veronica-ai/magic-ui/src/App.tsx": {"path":"/Users/tusharagey/Desktop/progs/veronica-ai/magic-ui/src/App.tsx","statementMap":{"0":{"start":{"line":5,"column":6},"end":{"line":5,"column":null}},"1":{"start":{"line":5,"column":27},"end":{"line":5,"column":null}},"2":{"start":{"line":6,"column":6},"end":{"line":6,"column":null}},"3":{"start":{"line":6,"column":28},"end":{"line":6,"column":null}},"4":{"start":{"line":7,"column":6},"end":{"line":7,"column":null}},"5":{"start":{"line":7,"column":29},"end":{"line":7,"column":null}},"6":{"start":{"line":8,"column":6},"end":{"line":8,"column":null}},"7":{"start":{"line":8,"column":35},"end":{"line":8,"column":null}},"8":{"start":{"line":9,"column":6},"end":{"line":9,"column":null}},"9":{"start":{"line":9,"column":27},"end":{"line":9,"column":null}},"10":{"start":{"line":10,"column":6},"end":{"line":10,"column":null}},"11":{"start":{"line":10,"column":27},"end":{"line":10,"column":null}},"12":{"start":{"line":11,"column":6},"end":{"line":13,"column":null}},"13":{"start":{"line":12,"column":8},"end":{"line":13,"column":null}},"14":{"start":{"line":20,"column":2},"end":{"line":23,"column":null}},"15":{"start":{"line":28,"column":20},"end":{"line":28,"column":57}},"16":{"start":{"line":29,"column":25},"end":{"line":29,"column":61}},"17":{"start":{"line":30,"column":29},"end":{"line":30,"column":68}},"18":{"start":{"line":31,"column":16},"end":{"line":31,"column":65}},"19":{"start":{"line":32,"column":20},"end":{"line":32,"column":47}},"20":{"start":{"line":33,"column":25},"end":{"line":33,"column":57}},"21":{"start":{"line":35,"column":2},"end":{"line":37,"column":null}},"22":{"start":{"line":36,"column":4},"end":{"line":36,"column":null}},"23":{"start":{"line":42,"column":8},"end":{"line":97,"column":8}},"24":{"start":{"line":43,"column":15},"end":{"line":43,"column":null}},"25":{"start":{"line":44,"column":4},"end":{"line":44,"column":null}},"26":{"start":{"line":44,"column":13},"end":{"line":44,"column":null}},"27":{"start":{"line":46,"column":17},"end":{"line":46,"column":48}},"28":{"start":{"line":47,"column":4},"end":{"line":47,"column":null}},"29":{"start":{"line":47,"column":15},"end":{"line":47,"column":null}},"30":{"start":{"line":55,"column":25},"end":{"line":55,"column":null}},"31":{"start":{"line":56,"column":27},"end":{"line":56,"column":null}},"32":{"start":{"line":57,"column":22},"end":{"line":57,"column":null}},"33":{"start":{"line":62,"column":6},"end":{"line":62,"column":null}},"34":{"start":{"line":63,"column":4},"end":{"line":67,"column":null}},"35":{"start":{"line":64,"column":6},"end":{"line":64,"column":null}},"36":{"start":{"line":65,"column":6},"end":{"line":65,"column":null}},"37":{"start":{"line":66,"column":6},"end":{"line":66,"column":null}},"38":{"start":{"line":67,"column":6},"end":{"line":67,"column":null}},"39":{"start":{"line":74,"column":21},"end":{"line":74,"column":null}},"40":{"start":{"line":76,"column":6},"end":{"line":79,"column":null}},"41":{"start":{"line":83,"column":17},"end":{"line":83,"column":null}},"42":{"start":{"line":84,"column":30},"end":{"line":84,"column":null}},"43":{"start":{"line":86,"column":4},"end":{"line":95,"column":null}},"44":{"start":{"line":88,"column":6},"end":{"line":88,"column":null}},"45":{"start":{"line":89,"column":6},"end":{"line":89,"column":null}},"46":{"start":{"line":90,"column":6},"end":{"line":90,"column":null}},"47":{"start":{"line":93,"column":6},"end":{"line":93,"column":null}},"48":{"start":{"line":94,"column":6},"end":{"line":94,"column":null}},"49":{"start":{"line":95,"column":6},"end":{"line":95,"column":null}},"50":{"start":{"line":99,"column":2},"end":{"line":114,"column":null}},"51":{"start":{"line":100,"column":15},"end":{"line":100,"column":null}},"52":{"start":{"line":101,"column":4},"end":{"line":101,"column":null}},"53":{"start":{"line":101,"column":13},"end":{"line":101,"column":null}},"54":{"start":{"line":104,"column":4},"end":{"line":104,"column":null}},"55":{"start":{"line":105,"column":4},"end":{"line":105,"column":null}},"56":{"start":{"line":108,"column":4},"end":{"line":108,"column":null}},"57":{"start":{"line":110,"column":4},"end":{"line":112,"column":null}},"58":{"start":{"line":111,"column":6},"end":{"line":111,"column":null}},"59":{"start":{"line":112,"column":6},"end":{"line":112,"column":null}},"60":{"start":{"line":116,"column":2},"end":{"line":188,"column":null}},"61":{"start":{"line":124,"column":29},"end":{"line":124,"column":null}},"62":{"start":{"line":139,"column":31},"end":{"line":139,"column":55}},"63":{"start":{"line":161,"column":38},"end":{"line":161,"column":null}}},"fnMap":{"0":{"name":"(anonymous_0)","decl":{"start":{"line":5,"column":16},"end":{"line":5,"column":27}},"loc":{"start":{"line":5,"column":27},"end":{"line":5,"column":null}},"line":5},"1":{"name":"(anonymous_1)","decl":{"start":{"line":6,"column":17},"end":{"line":6,"column":28}},"loc":{"start":{"line":6,"column":28},"end":{"line":6,"column":null}},"line":6},"2":{"name":"(anonymous_2)","decl":{"start":{"line":7,"column":18},"end":{"line":7,"column":29}},"loc":{"start":{"line":7,"column":29},"end":{"line":7,"column":null}},"line":7},"3":{"name":"(anonymous_3)","decl":{"start":{"line":8,"column":24},"end":{"line":8,"column":35}},"loc":{"start":{"line":8,"column":35},"end":{"line":8,"column":null}},"line":8},"4":{"name":"(anonymous_4)","decl":{"start":{"line":9,"column":16},"end":{"line":9,"column":27}},"loc":{"start":{"line":9,"column":27},"end":{"line":9,"column":null}},"line":9},"5":{"name":"(anonymous_5)","decl":{"start":{"line":10,"column":16},"end":{"line":10,"column":27}},"loc":{"start":{"line":10,"column":27},"end":{"line":10,"column":null}},"line":10},"6":{"name":"(anonymous_6)","decl":{"start":{"line":11,"column":22},"end":{"line":11,"column":null}},"loc":{"start":{"line":12,"column":8},"end":{"line":13,"column":null}},"line":12},"7":{"name":"ViewFallback","decl":{"start":{"line":19,"column":9},"end":{"line":19,"column":24}},"loc":{"start":{"line":19,"column":24},"end":{"line":23,"column":null}},"line":19},"8":{"name":"App","decl":{"start":{"line":27,"column":24},"end":{"line":27,"column":30}},"loc":{"start":{"line":27,"column":30},"end":{"line":188,"column":null}},"line":27},"9":{"name":"(anonymous_9)","decl":{"start":{"line":35,"column":2},"end":{"line":35,"column":18}},"loc":{"start":{"line":35,"column":18},"end":{"line":37,"column":7}},"line":35},"10":{"name":"(anonymous_10)","decl":{"start":{"line":42,"column":31},"end":{"line":42,"column":49}},"loc":{"start":{"line":42,"column":49},"end":{"line":97,"column":7}},"line":42},"11":{"name":"(anonymous_11)","decl":{"start":{"line":99,"column":2},"end":{"line":99,"column":18}},"loc":{"start":{"line":99,"column":18},"end":{"line":114,"column":6}},"line":99},"12":{"name":"(anonymous_12)","decl":{"start":{"line":110,"column":4},"end":{"line":110,"column":17}},"loc":{"start":{"line":110,"column":17},"end":{"line":112,"column":null}},"line":110},"13":{"name":"(anonymous_13)","decl":{"start":{"line":124,"column":14},"end":{"line":124,"column":29}},"loc":{"start":{"line":124,"column":29},"end":{"line":124,"column":null}},"line":124},"14":{"name":"(anonymous_14)","decl":{"start":{"line":139,"column":16},"end":{"line":139,"column":31}},"loc":{"start":{"line":139,"column":31},"end":{"line":139,"column":55}},"line":139},"15":{"name":"(anonymous_15)","decl":{"start":{"line":161,"column":16},"end":{"line":161,"column":38}},"loc":{"start":{"line":161,"column":38},"end":{"line":161,"column":null}},"line":161}},"branchMap":{"0":{"loc":{"start":{"line":44,"column":4},"end":{"line":44,"column":null}},"type":"if","locations":[{"start":{"line":44,"column":4},"end":{"line":44,"column":null}},{"start":{},"end":{}}],"line":44},"1":{"loc":{"start":{"line":47,"column":4},"end":{"line":47,"column":null}},"type":"if","locations":[{"start":{"line":47,"column":4},"end":{"line":47,"column":null}},{"start":{},"end":{}}],"line":47},"2":{"loc":{"start":{"line":62,"column":6},"end":{"line":62,"column":null}},"type":"binary-expr","locations":[{"start":{"line":62,"column":6},"end":{"line":62,"column":34}},{"start":{"line":62,"column":34},"end":{"line":62,"column":null}}],"line":62},"3":{"loc":{"start":{"line":63,"column":4},"end":{"line":67,"column":null}},"type":"if","locations":[{"start":{"line":63,"column":4},"end":{"line":67,"column":null}},{"start":{},"end":{}}],"line":63},"4":{"loc":{"start":{"line":76,"column":6},"end":{"line":79,"column":null}},"type":"binary-expr","locations":[{"start":{"line":76,"column":6},"end":{"line":76,"column":null}},{"start":{"line":77,"column":7},"end":{"line":77,"column":null}},{"start":{"line":78,"column":8},"end":{"line":78,"column":null}},{"start":{"line":79,"column":9},"end":{"line":79,"column":null}}],"line":76},"5":{"loc":{"start":{"line":86,"column":4},"end":{"line":95,"column":null}},"type":"if","locations":[{"start":{"line":86,"column":4},"end":{"line":95,"column":null}},{"start":{"line":91,"column":11},"end":{"line":95,"column":null}}],"line":86},"6":{"loc":{"start":{"line":86,"column":8},"end":{"line":86,"column":67}},"type":"binary-expr","locations":[{"start":{"line":86,"column":8},"end":{"line":86,"column":36}},{"start":{"line":86,"column":36},"end":{"line":86,"column":55}},{"start":{"line":86,"column":55},"end":{"line":86,"column":67}}],"line":86},"7":{"loc":{"start":{"line":101,"column":4},"end":{"line":101,"column":null}},"type":"if","locations":[{"start":{"line":101,"column":4},"end":{"line":101,"column":null}},{"start":{},"end":{}}],"line":101},"8":{"loc":{"start":{"line":118,"column":7},"end":{"line":188,"column":null}},"type":"cond-expr","locations":[{"start":{"line":119,"column":8},"end":{"line":127,"column":null}},{"start":{"line":129,"column":8},"end":{"line":188,"column":null}}],"line":118},"9":{"loc":{"start":{"line":134,"column":107},"end":{"line":134,"column":null}},"type":"cond-expr","locations":[{"start":{"line":134,"column":128},"end":{"line":134,"column":137}},{"start":{"line":134,"column":137},"end":{"line":134,"column":null}}],"line":134},"10":{"loc":{"start":{"line":176,"column":23},"end":{"line":176,"column":null}},"type":"binary-expr","locations":[{"start":{"line":176,"column":23},"end":{"line":176,"column":52}},{"start":{"line":176,"column":52},"end":{"line":176,"column":null}}],"line":176},"11":{"loc":{"start":{"line":177,"column":23},"end":{"line":177,"column":null}},"type":"binary-expr","locations":[{"start":{"line":177,"column":23},"end":{"line":177,"column":52}},{"start":{"line":177,"column":52},"end":{"line":177,"column":null}}],"line":177},"12":{"loc":{"start":{"line":178,"column":23},"end":{"line":178,"column":null}},"type":"binary-expr","locations":[{"start":{"line":178,"column":23},"end":{"line":178,"column":50}},{"start":{"line":178,"column":50},"end":{"line":178,"column":null}}],"line":178},"13":{"loc":{"start":{"line":179,"column":23},"end":{"line":179,"column":null}},"type":"binary-expr","locations":[{"start":{"line":179,"column":23},"end":{"line":179,"column":50}},{"start":{"line":179,"column":50},"end":{"line":179,"column":null}}],"line":179}},"s":{"0":1,"1":1,"2":1,"3":1,"4":1,"5":1,"6":1,"7":1,"8":1,"9":1,"10":1,"11":1,"12":1,"13":1,"14":5,"15":15,"16":15,"17":15,"18":15,"19":15,"20":15,"21":15,"22":9,"23":15,"24":0,"25":0,"26":0,"27":0,"28":0,"29":0,"30":0,"31":0,"32":0,"33":0,"34":0,"35":0,"36":0,"37":0,"38":0,"39":0,"40":0,"41":0,"42":0,"43":0,"44":0,"45":0,"46":0,"47":0,"48":0,"49":0,"50":15,"51":9,"52":9,"53":9,"54":0,"55":0,"56":0,"57":0,"58":0,"59":0,"60":15,"61":1,"62":0,"63":0},"f":{"0":1,"1":1,"2":1,"3":1,"4":1,"5":1,"6":1,"7":5,"8":15,"9":9,"10":0,"11":9,"12":0,"13":1,"14":0,"15":0},"b":{"0":[0,0],"1":[0,0],"2":[0,0],"3":[0,0],"4":[0,0,0,0],"5":[0,0],"6":[0,0,0],"7":[9,0],"8":[2,13],"9":[0,13],"10":[13,9],"11":[13,1],"12":[13,1],"13":[13,2]},"meta":{"lastBranch":14,"lastFunction":16,"lastStatement":64,"seen":{"s:5:6:5:Infinity":0,"f:5:16:5:27":0,"s:5:27:5:Infinity":1,"s:6:6:6:Infinity":2,"f:6:17:6:28":1,"s:6:28:6:Infinity":3,"s:7:6:7:Infinity":4,"f:7:18:7:29":2,"s:7:29:7:Infinity":5,"s:8:6:8:Infinity":6,"f:8:24:8:35":3,"s:8:35:8:Infinity":7,"s:9:6:9:Infinity":8,"f:9:16:9:27":4,"s:9:27:9:Infinity":9,"s:10:6:10:Infinity":10,"f:10:16:10:27":5,"s:10:27:10:Infinity":11,"s:11:6:13:Infinity":12,"f:11:22:11:Infinity":6,"s:12:8:13:Infinity":13,"f:19:9:19:24":7,"s:20:2:23:Infinity":14,"f:27:24:27:30":8,"s:28:20:28:57":15,"s:29:25:29:61":16,"s:30:29:30:68":17,"s:31:16:31:65":18,"s:32:20:32:47":19,"s:33:25:33:57":20,"s:35:2:37:Infinity":21,"f:35:2:35:18":9,"s:36:4:36:Infinity":22,"s:42:8:97:8":23,"f:42:31:42:49":10,"s:43:15:43:Infinity":24,"b:44:4:44:Infinity:undefined:undefined:undefined:undefined":0,"s:44:4:44:Infinity":25,"s:44:13:44:Infinity":26,"s:46:17:46:48":27,"b:47:4:47:Infinity:undefined:undefined:undefined:undefined":1,"s:47:4:47:Infinity":28,"s:47:15:47:Infinity":29,"s:55:25:55:Infinity":30,"s:56:27:56:Infinity":31,"s:57:22:57:Infinity":32,"s:62:6:62:Infinity":33,"b:62:6:62:34:62:34:62:Infinity":2,"b:63:4:67:Infinity:undefined:undefined:undefined:undefined":3,"s:63:4:67:Infinity":34,"s:64:6:64:Infinity":35,"s:65:6:65:Infinity":36,"s:66:6:66:Infinity":37,"s:67:6:67:Infinity":38,"s:74:21:74:Infinity":39,"s:76:6:79:Infinity":40,"b:76:6:76:Infinity:77:7:77:Infinity:78:8:78:Infinity:79:9:79:Infinity":4,"s:83:17:83:Infinity":41,"s:84:30:84:Infinity":42,"b:86:4:95:Infinity:91:11:95:Infinity":5,"s:86:4:95:Infinity":43,"b:86:8:86:36:86:36:86:55:86:55:86:67":6,"s:88:6:88:Infinity":44,"s:89:6:89:Infinity":45,"s:90:6:90:Infinity":46,"s:93:6:93:Infinity":47,"s:94:6:94:Infinity":48,"s:95:6:95:Infinity":49,"s:99:2:114:Infinity":50,"f:99:2:99:18":11,"s:100:15:100:Infinity":51,"b:101:4:101:Infinity:undefined:undefined:undefined:undefined":7,"s:101:4:101:Infinity":52,"s:101:13:101:Infinity":53,"s:104:4:104:Infinity":54,"s:105:4:105:Infinity":55,"s:108:4:108:Infinity":56,"s:110:4:112:Infinity":57,"f:110:4:110:17":12,"s:111:6:111:Infinity":58,"s:112:6:112:Infinity":59,"s:116:2:188:Infinity":60,"b:119:8:127:Infinity:129:8:188:Infinity":8,"f:124:14:124:29":13,"s:124:29:124:Infinity":61,"b:134:128:134:137:134:137:134:Infinity":9,"f:139:16:139:31":14,"s:139:31:139:55":62,"f:161:16:161:38":15,"s:161:38:161:Infinity":63,"b:176:23:176:52:176:52:176:Infinity":10,"b:177:23:177:52:177:52:177:Infinity":11,"b:178:23:178:50:178:50:178:Infinity":12,"b:179:23:179:50:179:50:179:Infinity":13}}}
,"/Users/tusharagey/Desktop/progs/veronica-ai/magic-ui/src/assets/bg-image.png": {"path":"/Users/tusharagey/Desktop/progs/veronica-ai/magic-ui/src/assets/bg-image.png","statementMap":{},"fnMap":{},"branchMap":{},"s":{},"f":{},"b":{},"meta":{"lastBranch":0,"lastFunction":0,"lastStatement":0,"seen":{}}}
,"/Users/tusharagey/Desktop/progs/veronica-ai/magic-ui/src/components/Chatbot.tsx": {"path":"/Users/tusharagey/Desktop/progs/veronica-ai/magic-ui/src/components/Chatbot.tsx","statementMap":{"0":{"start":{"line":18,"column":23},"end":{"line":18,"column":51}},"1":{"start":{"line":21,"column":20},"end":{"line":21,"column":63}},"2":{"start":{"line":22,"column":8},"end":{"line":22,"column":35}},"3":{"start":{"line":23,"column":10},"end":{"line":23,"column":61}},"4":{"start":{"line":23,"column":49},"end":{"line":23,"column":61}},"5":{"start":{"line":24,"column":21},"end":{"line":24,"column":46}},"6":{"start":{"line":25,"column":19},"end":{"line":25,"column":51}},"7":{"start":{"line":29,"column":19},"end":{"line":29,"column":49}},"8":{"start":{"line":30,"column":2},"end":{"line":32,"column":null}},"9":{"start":{"line":31,"column":4},"end":{"line":31,"column":null}},"10":{"start":{"line":34,"column":8},"end":{"line":36,"column":null}},"11":{"start":{"line":35,"column":4},"end":{"line":35,"column":null}},"12":{"start":{"line":36,"column":4},"end":{"line":36,"column":null}},"13":{"start":{"line":41,"column":21},"end":{"line":63,"column":null}},"14":{"start":{"line":42,"column":4},"end":{"line":42,"column":null}},"15":{"start":{"line":42,"column":23},"end":{"line":42,"column":null}},"16":{"start":{"line":43,"column":4},"end":{"line":43,"column":null}},"17":{"start":{"line":46,"column":4},"end":{"line":51,"column":null}},"18":{"start":{"line":54,"column":4},"end":{"line":63,"column":null}},"19":{"start":{"line":68,"column":2},"end":{"line":76,"column":null}},"20":{"start":{"line":69,"column":4},"end":{"line":69,"column":null}},"21":{"start":{"line":69,"column":22},"end":{"line":69,"column":null}},"22":{"start":{"line":70,"column":4},"end":{"line":75,"column":null}},"23":{"start":{"line":78,"column":2},"end":{"line":107,"column":null}}},"fnMap":{"0":{"name":"Chatbot","decl":{"start":{"line":20,"column":24},"end":{"line":20,"column":34}},"loc":{"start":{"line":20,"column":34},"end":{"line":107,"column":null}},"line":20},"1":{"name":"(anonymous_1)","decl":{"start":{"line":23,"column":23},"end":{"line":23,"column":39}},"loc":{"start":{"line":23,"column":49},"end":{"line":23,"column":61}},"line":23},"2":{"name":"(anonymous_2)","decl":{"start":{"line":30,"column":2},"end":{"line":30,"column":18}},"loc":{"start":{"line":30,"column":18},"end":{"line":32,"column":7}},"line":30},"3":{"name":"(anonymous_3)","decl":{"start":{"line":34,"column":8},"end":{"line":34,"column":32}},"loc":{"start":{"line":34,"column":32},"end":{"line":36,"column":null}},"line":34},"4":{"name":"(anonymous_4)","decl":{"start":{"line":41,"column":21},"end":{"line":41,"column":28}},"loc":{"start":{"line":41,"column":46},"end":{"line":63,"column":null}},"line":41},"5":{"name":"(anonymous_5)","decl":{"start":{"line":68,"column":2},"end":{"line":68,"column":18}},"loc":{"start":{"line":68,"column":18},"end":{"line":76,"column":6}},"line":68}},"branchMap":{"0":{"loc":{"start":{"line":24,"column":21},"end":{"line":24,"column":46}},"type":"binary-expr","locations":[{"start":{"line":24,"column":21},"end":{"line":24,"column":44}},{"start":{"line":24,"column":44},"end":{"line":24,"column":46}}],"line":24},"1":{"loc":{"start":{"line":31,"column":16},"end":{"line":31,"column":73}},"type":"binary-expr","locations":[{"start":{"line":31,"column":16},"end":{"line":31,"column":44}},{"start":{"line":31,"column":44},"end":{"line":31,"column":73}}],"line":31},"2":{"loc":{"start":{"line":42,"column":4},"end":{"line":42,"column":null}},"type":"if","locations":[{"start":{"line":42,"column":4},"end":{"line":42,"column":null}},{"start":{},"end":{}}],"line":42},"3":{"loc":{"start":{"line":69,"column":4},"end":{"line":69,"column":null}},"type":"if","locations":[{"start":{"line":69,"column":4},"end":{"line":69,"column":null}},{"start":{},"end":{}}],"line":69},"4":{"loc":{"start":{"line":87,"column":10},"end":{"line":89,"column":null}},"type":"cond-expr","locations":[{"start":{"line":88,"column":14},"end":{"line":88,"column":80}},{"start":{"line":89,"column":14},"end":{"line":89,"column":null}}],"line":87}},"s":{"0":1,"1":6,"2":6,"3":6,"4":9,"5":6,"6":6,"7":6,"8":6,"9":3,"10":6,"11":0,"12":0,"13":6,"14":0,"15":0,"16":0,"17":0,"18":0,"19":6,"20":3,"21":3,"22":0,"23":6},"f":{"0":6,"1":9,"2":3,"3":0,"4":0,"5":3},"b":{"0":[6,0],"1":[3,0],"2":[0,0],"3":[3,0],"4":[3,3]},"meta":{"lastBranch":5,"lastFunction":6,"lastStatement":24,"seen":{"s:18:23:18:51":0,"f:20:24:20:34":0,"s:21:20:21:63":1,"s:22:8:22:35":2,"s:23:10:23:61":3,"f:23:23:23:39":1,"s:23:49:23:61":4,"s:24:21:24:46":5,"b:24:21:24:44:24:44:24:46":0,"s:25:19:25:51":6,"s:29:19:29:49":7,"s:30:2:32:Infinity":8,"f:30:2:30:18":2,"s:31:4:31:Infinity":9,"b:31:16:31:44:31:44:31:73":1,"s:34:8:36:Infinity":10,"f:34:8:34:32":3,"s:35:4:35:Infinity":11,"s:36:4:36:Infinity":12,"s:41:21:63:Infinity":13,"f:41:21:41:28":4,"b:42:4:42:Infinity:undefined:undefined:undefined:undefined":2,"s:42:4:42:Infinity":14,"s:42:23:42:Infinity":15,"s:43:4:43:Infinity":16,"s:46:4:51:Infinity":17,"s:54:4:63:Infinity":18,"s:68:2:76:Infinity":19,"f:68:2:68:18":5,"b:69:4:69:Infinity:undefined:undefined:undefined:undefined":3,"s:69:4:69:Infinity":20,"s:69:22:69:Infinity":21,"s:70:4:75:Infinity":22,"s:78:2:107:Infinity":23,"b:88:14:88:80:89:14:89:Infinity":4}}}
,"/Users/tusharagey/Desktop/progs/veronica-ai/magic-ui/src/components/Dashboard.tsx": {"path":"/Users/tusharagey/Desktop/progs/veronica-ai/magic-ui/src/components/Dashboard.tsx","statementMap":{"0":{"start":{"line":6,"column":29},"end":{"line":6,"column":55}},"1":{"start":{"line":8,"column":2},"end":{"line":50,"column":null}}},"fnMap":{"0":{"name":"Dashboard","decl":{"start":{"line":5,"column":24},"end":{"line":5,"column":36}},"loc":{"start":{"line":5,"column":36},"end":{"line":50,"column":null}},"line":5}},"branchMap":{"0":{"loc":{"start":{"line":6,"column":16},"end":{"line":6,"column":29}},"type":"default-arg","locations":[{"start":{"line":6,"column":27},"end":{"line":6,"column":29}}],"line":6}},"s":{"0":12,"1":12},"f":{"0":12},"b":{"0":[12]},"meta":{"lastBranch":1,"lastFunction":1,"lastStatement":2,"seen":{"f:5:24:5:36":0,"s:6:29:6:55":0,"b:6:27:6:29":0,"s:8:2:50:Infinity":1}}}
,"/Users/tusharagey/Desktop/progs/veronica-ai/magic-ui/src/components/Journal.tsx": {"path":"/Users/tusharagey/Desktop/progs/veronica-ai/magic-ui/src/components/Journal.tsx","statementMap":{"0":{"start":{"line":6,"column":18},"end":{"line":6,"column":44}},"1":{"start":{"line":7,"column":20},"end":{"line":8,"column":null}},"2":{"start":{"line":11,"column":8},"end":{"line":19,"column":15}},"3":{"start":{"line":12,"column":4},"end":{"line":12,"column":null}},"4":{"start":{"line":12,"column":25},"end":{"line":12,"column":null}},"5":{"start":{"line":13,"column":4},"end":{"line":13,"column":null}},"6":{"start":{"line":15,"column":4},"end":{"line":18,"column":null}},"7":{"start":{"line":16,"column":6},"end":{"line":16,"column":null}},"8":{"start":{"line":17,"column":6},"end":{"line":17,"column":null}},"9":{"start":{"line":17,"column":23},"end":{"line":17,"column":43}},"10":{"start":{"line":21,"column":2},"end":{"line":56,"column":null}},"11":{"start":{"line":27,"column":27},"end":{"line":27,"column":53}}},"fnMap":{"0":{"name":"Journal","decl":{"start":{"line":5,"column":24},"end":{"line":5,"column":34}},"loc":{"start":{"line":5,"column":34},"end":{"line":56,"column":null}},"line":5},"1":{"name":"(anonymous_1)","decl":{"start":{"line":11,"column":23},"end":{"line":11,"column":41}},"loc":{"start":{"line":11,"column":41},"end":{"line":19,"column":6}},"line":11},"2":{"name":"(anonymous_2)","decl":{"start":{"line":15,"column":4},"end":{"line":15,"column":21}},"loc":{"start":{"line":15,"column":21},"end":{"line":18,"column":11}},"line":15},"3":{"name":"(anonymous_3)","decl":{"start":{"line":17,"column":6},"end":{"line":17,"column":23}},"loc":{"start":{"line":17,"column":23},"end":{"line":17,"column":43}},"line":17},"4":{"name":"(anonymous_4)","decl":{"start":{"line":27,"column":10},"end":{"line":27,"column":21}},"loc":{"start":{"line":27,"column":27},"end":{"line":27,"column":53}},"line":27}},"branchMap":{"0":{"loc":{"start":{"line":12,"column":4},"end":{"line":12,"column":null}},"type":"if","locations":[{"start":{"line":12,"column":4},"end":{"line":12,"column":null}},{"start":{},"end":{}}],"line":12},"1":{"loc":{"start":{"line":40,"column":20},"end":{"line":40,"column":null}},"type":"binary-expr","locations":[{"start":{"line":40,"column":20},"end":{"line":40,"column":35}},{"start":{"line":40,"column":39},"end":{"line":40,"column":null}}],"line":40},"2":{"loc":{"start":{"line":43,"column":11},"end":{"line":54,"column":null}},"type":"cond-expr","locations":[{"start":{"line":44,"column":12},"end":{"line":46,"column":null}},{"start":{"line":47,"column":14},"end":{"line":54,"column":null}}],"line":43},"3":{"loc":{"start":{"line":47,"column":14},"end":{"line":54,"column":null}},"type":"cond-expr","locations":[{"start":{"line":48,"column":12},"end":{"line":50,"column":null}},{"start":{"line":52,"column":12},"end":{"line":54,"column":null}}],"line":47}},"s":{"0":13,"1":13,"2":13,"3":3,"4":0,"5":3,"6":3,"7":2,"8":2,"9":1,"10":13,"11":3},"f":{"0":13,"1":3,"2":2,"3":1,"4":3},"b":{"0":[0,3],"1":[13,8],"2":[3,10],"3":[1,9]},"meta":{"lastBranch":4,"lastFunction":5,"lastStatement":12,"seen":{"f:5:24:5:34":0,"s:6:18:6:44":0,"s:7:20:8:Infinity":1,"s:11:8:19:15":2,"f:11:23:11:41":1,"b:12:4:12:Infinity:undefined:undefined:undefined:undefined":0,"s:12:4:12:Infinity":3,"s:12:25:12:Infinity":4,"s:13:4:13:Infinity":5,"s:15:4:18:Infinity":6,"f:15:4:15:21":2,"s:16:6:16:Infinity":7,"s:17:6:17:Infinity":8,"f:17:6:17:23":3,"s:17:23:17:43":9,"s:21:2:56:Infinity":10,"f:27:10:27:21":4,"s:27:27:27:53":11,"b:40:20:40:35:40:39:40:Infinity":1,"b:44:12:46:Infinity:47:14:54:Infinity":2,"b:48:12:50:Infinity:52:12:54:Infinity":3}}}
,"/Users/tusharagey/Desktop/progs/veronica-ai/magic-ui/src/components/PasswordManager.tsx": {"path":"/Users/tusharagey/Desktop/progs/veronica-ai/magic-ui/src/components/PasswordManager.tsx","statementMap":{"0":{"start":{"line":9,"column":31},"end":{"line":9,"column":64}},"1":{"start":{"line":10,"column":17},"end":{"line":10,"column":42}},"2":{"start":{"line":12,"column":2},"end":{"line":16,"column":null}},"3":{"start":{"line":13,"column":4},"end":{"line":14,"column":null}},"4":{"start":{"line":14,"column":6},"end":{"line":14,"column":null}},"5":{"start":{"line":17,"column":2},"end":{"line":38,"column":null}}},"fnMap":{"0":{"name":"PasswordManager","decl":{"start":{"line":8,"column":24},"end":{"line":8,"column":42}},"loc":{"start":{"line":8,"column":42},"end":{"line":38,"column":null}},"line":8},"1":{"name":"(anonymous_1)","decl":{"start":{"line":12,"column":2},"end":{"line":12,"column":18}},"loc":{"start":{"line":12,"column":18},"end":{"line":16,"column":6}},"line":12}},"branchMap":{"0":{"loc":{"start":{"line":9,"column":16},"end":{"line":9,"column":29}},"type":"default-arg","locations":[{"start":{"line":9,"column":27},"end":{"line":9,"column":29}}],"line":9},"1":{"loc":{"start":{"line":13,"column":4},"end":{"line":14,"column":null}},"type":"if","locations":[{"start":{"line":13,"column":4},"end":{"line":14,"column":null}},{"start":{},"end":{}}],"line":13}},"s":{"0":9,"1":9,"2":9,"3":6,"4":3,"5":9},"f":{"0":9,"1":6},"b":{"0":[9],"1":[3,3]},"meta":{"lastBranch":2,"lastFunction":2,"lastStatement":6,"seen":{"f:8:24:8:42":0,"s:9:31:9:64":0,"b:9:27:9:29":0,"s:10:17:10:42":1,"s:12:2:16:Infinity":2,"f:12:2:12:18":1,"b:13:4:14:Infinity:undefined:undefined:undefined:undefined":1,"s:13:4:14:Infinity":3,"s:14:6:14:Infinity":4,"s:17:2:38:Infinity":5}}}
,"/Users/tusharagey/Desktop/progs/veronica-ai/magic-ui/src/components/Settings.tsx": {"path":"/Users/tusharagey/Desktop/progs/veronica-ai/magic-ui/src/components/Settings.tsx","statementMap":{"0":{"start":{"line":21,"column":2},"end":{"line":21,"column":null}},"1":{"start":{"line":21,"column":15},"end":{"line":21,"column":null}},"2":{"start":{"line":23,"column":2},"end":{"line":87,"column":null}},"3":{"start":{"line":47,"column":31},"end":{"line":47,"column":47}},"4":{"start":{"line":53,"column":31},"end":{"line":53,"column":51}},"5":{"start":{"line":80,"column":33},"end":{"line":80,"column":69}}},"fnMap":{"0":{"name":"Settings","decl":{"start":{"line":13,"column":24},"end":{"line":13,"column":33}},"loc":{"start":{"line":20,"column":18},"end":{"line":87,"column":null}},"line":20},"1":{"name":"(anonymous_1)","decl":{"start":{"line":47,"column":16},"end":{"line":47,"column":31}},"loc":{"start":{"line":47,"column":31},"end":{"line":47,"column":47}},"line":47},"2":{"name":"(anonymous_2)","decl":{"start":{"line":53,"column":16},"end":{"line":53,"column":31}},"loc":{"start":{"line":53,"column":31},"end":{"line":53,"column":51}},"line":53},"3":{"name":"(anonymous_3)","decl":{"start":{"line":80,"column":16},"end":{"line":80,"column":27}},"loc":{"start":{"line":80,"column":33},"end":{"line":80,"column":69}},"line":80}},"branchMap":{"0":{"loc":{"start":{"line":21,"column":2},"end":{"line":21,"column":null}},"type":"if","locations":[{"start":{"line":21,"column":2},"end":{"line":21,"column":null}},{"start":{},"end":{}}],"line":21},"1":{"loc":{"start":{"line":48,"column":143},"end":{"line":48,"column":null}},"type":"cond-expr","locations":[{"start":{"line":48,"column":162},"end":{"line":48,"column":177}},{"start":{"line":48,"column":177},"end":{"line":48,"column":null}}],"line":48},"2":{"loc":{"start":{"line":54,"column":143},"end":{"line":54,"column":null}},"type":"cond-expr","locations":[{"start":{"line":54,"column":166},"end":{"line":54,"column":181}},{"start":{"line":54,"column":181},"end":{"line":54,"column":null}}],"line":54},"3":{"loc":{"start":{"line":59,"column":210},"end":{"line":59,"column":null}},"type":"cond-expr","locations":[{"start":{"line":59,"column":233},"end":{"line":59,"column":266}},{"start":{"line":59,"column":266},"end":{"line":59,"column":null}}],"line":59}},"s":{"0":20,"1":14,"2":6,"3":1,"4":1,"5":0},"f":{"0":20,"1":1,"2":1,"3":0},"b":{"0":[14,6],"1":[5,1],"2":[1,5],"3":[1,5]},"meta":{"lastBranch":4,"lastFunction":4,"lastStatement":6,"seen":{"f:13:24:13:33":0,"b:21:2:21:Infinity:undefined:undefined:undefined:undefined":0,"s:21:2:21:Infinity":0,"s:21:15:21:Infinity":1,"s:23:2:87:Infinity":2,"f:47:16:47:31":1,"s:47:31:47:47":3,"b:48:162:48:177:48:177:48:Infinity":1,"f:53:16:53:31":2,"s:53:31:53:51":4,"b:54:166:54:181:54:181:54:Infinity":2,"b:59:233:59:266:59:266:59:Infinity":3,"f:80:16:80:27":3,"s:80:33:80:69":5}}}
,"/Users/tusharagey/Desktop/progs/veronica-ai/magic-ui/src/components/SideMenuBar.tsx": {"path":"/Users/tusharagey/Desktop/progs/veronica-ai/magic-ui/src/components/SideMenuBar.tsx","statementMap":{"0":{"start":{"line":23,"column":18},"end":{"line":29,"column":null}},"1":{"start":{"line":39,"column":4},"end":{"line":39,"column":null}},"2":{"start":{"line":40,"column":2},"end":{"line":80,"column":null}},"3":{"start":{"line":62,"column":12},"end":{"line":69,"column":null}},"4":{"start":{"line":67,"column":29},"end":{"line":67,"column":50}},"5":{"start":{"line":78,"column":26},"end":{"line":78,"column":null}}},"fnMap":{"0":{"name":"Sidebar","decl":{"start":{"line":31,"column":24},"end":{"line":31,"column":32}},"loc":{"start":{"line":37,"column":17},"end":{"line":80,"column":null}},"line":37},"1":{"name":"(anonymous_1)","decl":{"start":{"line":61,"column":21},"end":{"line":61,"column":26}},"loc":{"start":{"line":62,"column":12},"end":{"line":69,"column":null}},"line":62},"2":{"name":"(anonymous_2)","decl":{"start":{"line":67,"column":14},"end":{"line":67,"column":29}},"loc":{"start":{"line":67,"column":29},"end":{"line":67,"column":50}},"line":67},"3":{"name":"(anonymous_3)","decl":{"start":{"line":78,"column":10},"end":{"line":78,"column":26}},"loc":{"start":{"line":78,"column":26},"end":{"line":78,"column":null}},"line":78}},"branchMap":{"0":{"loc":{"start":{"line":39,"column":4},"end":{"line":39,"column":null}},"type":"binary-expr","locations":[{"start":{"line":39,"column":4},"end":{"line":39,"column":20}},{"start":{"line":39,"column":20},"end":{"line":39,"column":53}},{"start":{"line":39,"column":53},"end":{"line":39,"column":null}}],"line":39},"1":{"loc":{"start":{"line":56,"column":12},"end":{"line":58,"column":null}},"type":"cond-expr","locations":[{"start":{"line":57,"column":16},"end":{"line":57,"column":null}},{"start":{"line":58,"column":16},"end":{"line":58,"column":null}}],"line":56}},"s":{"0":1,"1":2,"2":2,"3":10,"4":1,"5":0},"f":{"0":2,"1":10,"2":1,"3":0},"b":{"0":[2,2,2],"1":[0,2]},"meta":{"lastBranch":2,"lastFunction":4,"lastStatement":6,"seen":{"s:23:18:29:Infinity":0,"f:31:24:31:32":0,"s:39:4:39:Infinity":1,"b:39:4:39:20:39:20:39:53:39:53:39:Infinity":0,"s:40:2:80:Infinity":2,"b:57:16:57:Infinity:58:16:58:Infinity":1,"f:61:21:61:26":1,"s:62:12:69:Infinity":3,"f:67:14:67:29":2,"s:67:29:67:50":4,"f:78:10:78:26":3,"s:78:26:78:Infinity":5}}}
,"/Users/tusharagey/Desktop/progs/veronica-ai/magic-ui/src/components/chatbot/BotSelector.tsx": {"path":"/Users/tusharagey/Desktop/progs/veronica-ai/magic-ui/src/components/chatbot/BotSelector.tsx","statementMap":{"0":{"start":{"line":10,"column":6},"end":{"line":14,"column":null}},"1":{"start":{"line":11,"column":2},"end":{"line":11,"column":null}},"2":{"start":{"line":11,"column":32},"end":{"line":11,"column":null}},"3":{"start":{"line":12,"column":2},"end":{"line":13,"column":null}},"4":{"start":{"line":13,"column":4},"end":{"line":13,"column":null}},"5":{"start":{"line":14,"column":2},"end":{"line":14,"column":null}},"6":{"start":{"line":22,"column":17},"end":{"line":22,"column":45}},"7":{"start":{"line":23,"column":8},"end":{"line":23,"column":50}},"8":{"start":{"line":26,"column":2},"end":{"line":37,"column":null}},"9":{"start":{"line":27,"column":10},"end":{"line":32,"column":null}},"10":{"start":{"line":28,"column":6},"end":{"line":32,"column":null}},"11":{"start":{"line":32,"column":8},"end":{"line":32,"column":null}},"12":{"start":{"line":35,"column":4},"end":{"line":35,"column":null}},"13":{"start":{"line":36,"column":4},"end":{"line":36,"column":null}},"14":{"start":{"line":36,"column":17},"end":{"line":36,"column":78}},"15":{"start":{"line":39,"column":8},"end":{"line":41,"column":null}},"16":{"start":{"line":40,"column":4},"end":{"line":40,"column":null}},"17":{"start":{"line":41,"column":4},"end":{"line":41,"column":null}},"18":{"start":{"line":44,"column":2},"end":{"line":75,"column":null}},"19":{"start":{"line":49,"column":23},"end":{"line":49,"column":41}},"20":{"start":{"line":62,"column":12},"end":{"line":73,"column":null}},"21":{"start":{"line":64,"column":29},"end":{"line":64,"column":46}}},"fnMap":{"0":{"name":"(anonymous_0)","decl":{"start":{"line":10,"column":6},"end":{"line":10,"column":20}},"loc":{"start":{"line":10,"column":40},"end":{"line":14,"column":null}},"line":10},"1":{"name":"BotSelector","decl":{"start":{"line":17,"column":16},"end":{"line":17,"column":28}},"loc":{"start":{"line":21,"column":21},"end":{"line":75,"column":null}},"line":21},"2":{"name":"(anonymous_2)","decl":{"start":{"line":26,"column":2},"end":{"line":26,"column":18}},"loc":{"start":{"line":26,"column":18},"end":{"line":37,"column":7}},"line":26},"3":{"name":"(anonymous_3)","decl":{"start":{"line":27,"column":10},"end":{"line":27,"column":32}},"loc":{"start":{"line":27,"column":54},"end":{"line":32,"column":null}},"line":27},"4":{"name":"(anonymous_4)","decl":{"start":{"line":36,"column":4},"end":{"line":36,"column":17}},"loc":{"start":{"line":36,"column":17},"end":{"line":36,"column":78}},"line":36},"5":{"name":"(anonymous_5)","decl":{"start":{"line":39,"column":8},"end":{"line":39,"column":24}},"loc":{"start":{"line":39,"column":40},"end":{"line":41,"column":null}},"line":39},"6":{"name":"(anonymous_6)","decl":{"start":{"line":49,"column":8},"end":{"line":49,"column":23}},"loc":{"start":{"line":49,"column":23},"end":{"line":49,"column":41}},"line":49},"7":{"name":"(anonymous_7)","decl":{"start":{"line":61,"column":16},"end":{"line":61,"column":21}},"loc":{"start":{"line":62,"column":12},"end":{"line":73,"column":null}},"line":62},"8":{"name":"(anonymous_8)","decl":{"start":{"line":64,"column":14},"end":{"line":64,"column":29}},"loc":{"start":{"line":64,"column":29},"end":{"line":64,"column":46}},"line":64}},"branchMap":{"0":{"loc":{"start":{"line":11,"column":2},"end":{"line":11,"column":null}},"type":"if","locations":[{"start":{"line":11,"column":2},"end":{"line":11,"column":null}},{"start":{},"end":{}}],"line":11},"1":{"loc":{"start":{"line":12,"column":2},"end":{"line":13,"column":null}},"type":"if","locations":[{"start":{"line":12,"column":2},"end":{"line":13,"column":null}},{"start":{},"end":{}}],"line":12},"2":{"loc":{"start":{"line":12,"column":6},"end":{"line":12,"column":61}},"type":"binary-expr","locations":[{"start":{"line":12,"column":6},"end":{"line":12,"column":31}},{"start":{"line":12,"column":35},"end":{"line":12,"column":61}}],"line":12},"3":{"loc":{"start":{"line":28,"column":6},"end":{"line":32,"column":null}},"type":"if","locations":[{"start":{"line":28,"column":6},"end":{"line":32,"column":null}},{"start":{},"end":{}}],"line":28},"4":{"loc":{"start":{"line":29,"column":8},"end":{"line":30,"column":59}},"type":"binary-expr","locations":[{"start":{"line":29,"column":8},"end":{"line":29,"column":null}},{"start":{"line":30,"column":8},"end":{"line":30,"column":59}}],"line":29},"5":{"loc":{"start":{"line":55,"column":9},"end":{"line":55,"column":null}},"type":"cond-expr","locations":[{"start":{"line":55,"column":18},"end":{"line":55,"column":45}},{"start":{"line":55,"column":44},"end":{"line":55,"column":null}}],"line":55},"6":{"loc":{"start":{"line":59,"column":7},"end":{"line":75,"column":null}},"type":"binary-expr","locations":[{"start":{"line":59,"column":7},"end":{"line":59,"column":null}},{"start":{"line":60,"column":8},"end":{"line":75,"column":null}}],"line":59},"7":{"loc":{"start":{"line":66,"column":16},"end":{"line":68,"column":null}},"type":"cond-expr","locations":[{"start":{"line":67,"column":20},"end":{"line":67,"column":null}},{"start":{"line":68,"column":20},"end":{"line":68,"column":null}}],"line":66}},"s":{"0":2,"1":27,"2":22,"3":5,"4":5,"5":0,"6":19,"7":19,"8":19,"9":9,"10":1,"11":1,"12":9,"13":9,"14":9,"15":19,"16":2,"17":2,"18":19,"19":4,"20":8,"21":2},"f":{"0":27,"1":19,"2":9,"3":1,"4":9,"5":2,"6":4,"7":8,"8":2},"b":{"0":[22,5],"1":[5,0],"2":[5,0],"3":[1,0],"4":[1,1],"5":[4,15],"6":[19,4],"7":[4,4]},"meta":{"lastBranch":8,"lastFunction":9,"lastStatement":22,"seen":{"s:10:6:14:Infinity":0,"f:10:6:10:20":0,"b:11:2:11:Infinity:undefined:undefined:undefined:undefined":0,"s:11:2:11:Infinity":1,"s:11:32:11:Infinity":2,"b:12:2:13:Infinity:undefined:undefined:undefined:undefined":1,"s:12:2:13:Infinity":3,"b:12:6:12:31:12:35:12:61":2,"s:13:4:13:Infinity":4,"s:14:2:14:Infinity":5,"f:17:16:17:28":1,"s:22:17:22:45":6,"s:23:8:23:50":7,"s:26:2:37:Infinity":8,"f:26:2:26:18":2,"s:27:10:32:Infinity":9,"f:27:10:27:32":3,"b:28:6:32:Infinity:undefined:undefined:undefined:undefined":3,"s:28:6:32:Infinity":10,"b:29:8:29:Infinity:30:8:30:59":4,"s:32:8:32:Infinity":11,"s:35:4:35:Infinity":12,"s:36:4:36:Infinity":13,"f:36:4:36:17":4,"s:36:17:36:78":14,"s:39:8:41:Infinity":15,"f:39:8:39:24":5,"s:40:4:40:Infinity":16,"s:41:4:41:Infinity":17,"s:44:2:75:Infinity":18,"f:49:8:49:23":6,"s:49:23:49:41":19,"b:55:18:55:45:55:44:55:Infinity":5,"b:59:7:59:Infinity:60:8:75:Infinity":6,"f:61:16:61:21":7,"s:62:12:73:Infinity":20,"f:64:14:64:29":8,"s:64:29:64:46":21,"b:67:20:67:Infinity:68:20:68:Infinity":7}}}
,"/Users/tusharagey/Desktop/progs/veronica-ai/magic-ui/src/components/chatbot/ChatInput.tsx": {"path":"/Users/tusharagey/Desktop/progs/veronica-ai/magic-ui/src/components/chatbot/ChatInput.tsx","statementMap":{"0":{"start":{"line":12,"column":25},"end":{"line":12,"column":null}},"1":{"start":{"line":20,"column":16},"end":{"line":20,"column":62}},"2":{"start":{"line":21,"column":16},"end":{"line":21,"column":40}},"3":{"start":{"line":22,"column":8},"end":{"line":25,"column":null}},"4":{"start":{"line":23,"column":4},"end":{"line":23,"column":null}},"5":{"start":{"line":23,"column":23},"end":{"line":23,"column":null}},"6":{"start":{"line":24,"column":4},"end":{"line":24,"column":null}},"7":{"start":{"line":25,"column":4},"end":{"line":25,"column":null}},"8":{"start":{"line":27,"column":20},"end":{"line":27,"column":null}},"9":{"start":{"line":28,"column":22},"end":{"line":28,"column":null}},"10":{"start":{"line":29,"column":2},"end":{"line":84,"column":null}},"11":{"start":{"line":44,"column":27},"end":{"line":44,"column":78}},"12":{"start":{"line":46,"column":12},"end":{"line":46,"column":null}},"13":{"start":{"line":46,"column":28},"end":{"line":46,"column":null}},"14":{"start":{"line":47,"column":12},"end":{"line":47,"column":null}}},"fnMap":{"0":{"name":"ChatInput","decl":{"start":{"line":14,"column":16},"end":{"line":14,"column":26}},"loc":{"start":{"line":19,"column":19},"end":{"line":84,"column":null}},"line":19},"1":{"name":"(anonymous_1)","decl":{"start":{"line":22,"column":8},"end":{"line":22,"column":29}},"loc":{"start":{"line":22,"column":29},"end":{"line":25,"column":null}},"line":22},"2":{"name":"(anonymous_2)","decl":{"start":{"line":44,"column":10},"end":{"line":44,"column":21}},"loc":{"start":{"line":44,"column":27},"end":{"line":44,"column":78}},"line":44},"3":{"name":"(anonymous_3)","decl":{"start":{"line":45,"column":10},"end":{"line":45,"column":22}},"loc":{"start":{"line":45,"column":28},"end":{"line":47,"column":null}},"line":45}},"branchMap":{"0":{"loc":{"start":{"line":23,"column":4},"end":{"line":23,"column":null}},"type":"if","locations":[{"start":{"line":23,"column":4},"end":{"line":23,"column":null}},{"start":{},"end":{}}],"line":23},"1":{"loc":{"start":{"line":35,"column":17},"end":{"line":35,"column":null}},"type":"binary-expr","locations":[{"start":{"line":35,"column":17},"end":{"line":35,"column":54}},{"start":{"line":35,"column":54},"end":{"line":35,"column":null}}],"line":35},"2":{"loc":{"start":{"line":46,"column":12},"end":{"line":46,"column":null}},"type":"if","locations":[{"start":{"line":46,"column":12},"end":{"line":46,"column":null}},{"start":{},"end":{}}],"line":46},"3":{"loc":{"start":{"line":47,"column":12},"end":{"line":47,"column":47}},"type":"binary-expr","locations":[{"start":{"line":47,"column":12},"end":{"line":47,"column":33}},{"start":{"line":47,"column":33},"end":{"line":47,"column":47}}],"line":47},"4":{"loc":{"start":{"line":56,"column":9},"end":{"line":62,"column":null}},"type":"binary-expr","locations":[{"start":{"line":56,"column":9},"end":{"line":56,"column":null}},{"start":{"line":57,"column":10},"end":{"line":62,"column":null}}],"line":56},"5":{"loc":{"start":{"line":59,"column":14},"end":{"line":59,"column":null}},"type":"cond-expr","locations":[{"start":{"line":59,"column":28},"end":{"line":59,"column":47}},{"start":{"line":59,"column":47},"end":{"line":59,"column":null}}],"line":59},"6":{"loc":{"start":{"line":66,"column":9},"end":{"line":81,"column":null}},"type":"cond-expr","locations":[{"start":{"line":67,"column":10},"end":{"line":75,"column":11}},{"start":{"line":75,"column":10},"end":{"line":81,"column":null}}],"line":66},"7":{"loc":{"start":{"line":76,"column":22},"end":{"line":76,"column":49}},"type":"binary-expr","locations":[{"start":{"line":76,"column":22},"end":{"line":76,"column":36}},{"start":{"line":76,"column":36},"end":{"line":76,"column":49}}],"line":76}},"s":{"0":2,"1":40,"2":40,"3":40,"4":3,"5":1,"6":2,"7":2,"8":40,"9":40,"10":40,"11":24,"12":27,"13":0,"14":27},"f":{"0":40,"1":3,"2":24,"3":27},"b":{"0":[1,2],"1":[40,6],"2":[0,27],"3":[27,3],"4":[40,24],"5":[0,24],"6":[3,37],"7":[37,37]},"meta":{"lastBranch":8,"lastFunction":4,"lastStatement":15,"seen":{"s:12:25:12:Infinity":0,"f:14:16:14:26":0,"s:20:16:20:62":1,"s:21:16:21:40":2,"s:22:8:25:Infinity":3,"f:22:8:22:29":1,"b:23:4:23:Infinity:undefined:undefined:undefined:undefined":0,"s:23:4:23:Infinity":4,"s:23:23:23:Infinity":5,"s:24:4:24:Infinity":6,"s:25:4:25:Infinity":7,"s:27:20:27:Infinity":8,"s:28:22:28:Infinity":9,"s:29:2:84:Infinity":10,"b:35:17:35:54:35:54:35:Infinity":1,"f:44:10:44:21":2,"s:44:27:44:78":11,"f:45:10:45:22":3,"b:46:12:46:Infinity:undefined:undefined:undefined:undefined":2,"s:46:12:46:Infinity":12,"s:46:28:46:Infinity":13,"s:47:12:47:Infinity":14,"b:47:12:47:33:47:33:47:47":3,"b:56:9:56:Infinity:57:10:62:Infinity":4,"b:59:28:59:47:59:47:59:Infinity":5,"b:67:10:75:11:75:10:81:Infinity":6,"b:76:22:76:36:76:36:76:49":7}}}
,"/Users/tusharagey/Desktop/progs/veronica-ai/magic-ui/src/components/chatbot/ChatMessageList.tsx": {"path":"/Users/tusharagey/Desktop/progs/veronica-ai/magic-ui/src/components/chatbot/ChatMessageList.tsx","statementMap":{"0":{"start":{"line":15,"column":6},"end":{"line":42,"column":null}},"1":{"start":{"line":16,"column":2},"end":{"line":42,"column":null}},"2":{"start":{"line":26,"column":10},"end":{"line":39,"column":null}},"3":{"start":{"line":47,"column":19},"end":{"line":47,"column":49}},"4":{"start":{"line":49,"column":21},"end":{"line":53,"column":null}},"5":{"start":{"line":50,"column":4},"end":{"line":50,"column":null}},"6":{"start":{"line":51,"column":4},"end":{"line":51,"column":null}},"7":{"start":{"line":53,"column":4},"end":{"line":53,"column":null}},"8":{"start":{"line":53,"column":21},"end":{"line":53,"column":39}},"9":{"start":{"line":56,"column":2},"end":{"line":91,"column":null}},"10":{"start":{"line":97,"column":2},"end":{"line":97,"column":null}},"11":{"start":{"line":97,"column":32},"end":{"line":97,"column":null}},"12":{"start":{"line":98,"column":2},"end":{"line":98,"column":null}},"13":{"start":{"line":98,"column":32},"end":{"line":98,"column":null}},"14":{"start":{"line":99,"column":2},"end":{"line":100,"column":null}},"15":{"start":{"line":100,"column":4},"end":{"line":100,"column":null}},"16":{"start":{"line":102,"column":2},"end":{"line":103,"column":null}},"17":{"start":{"line":103,"column":4},"end":{"line":103,"column":null}},"18":{"start":{"line":105,"column":2},"end":{"line":105,"column":null}},"19":{"start":{"line":108,"column":31},"end":{"line":166,"column":null}},"20":{"start":{"line":110,"column":19},"end":{"line":110,"column":null}},"21":{"start":{"line":111,"column":22},"end":{"line":111,"column":null}},"22":{"start":{"line":112,"column":21},"end":{"line":112,"column":55}},"23":{"start":{"line":113,"column":16},"end":{"line":113,"column":null}},"24":{"start":{"line":114,"column":17},"end":{"line":114,"column":52}},"25":{"start":{"line":115,"column":4},"end":{"line":115,"column":null}},"26":{"start":{"line":119,"column":4},"end":{"line":122,"column":null}},"27":{"start":{"line":127,"column":17},"end":{"line":127,"column":40}},"28":{"start":{"line":128,"column":4},"end":{"line":129,"column":null}},"29":{"start":{"line":129,"column":6},"end":{"line":129,"column":null}},"30":{"start":{"line":131,"column":4},"end":{"line":132,"column":null}},"31":{"start":{"line":137,"column":4},"end":{"line":140,"column":null}},"32":{"start":{"line":145,"column":4},"end":{"line":146,"column":null}},"33":{"start":{"line":151,"column":4},"end":{"line":151,"column":null}},"34":{"start":{"line":155,"column":4},"end":{"line":163,"column":null}},"35":{"start":{"line":169,"column":2},"end":{"line":169,"column":null}},"36":{"start":{"line":169,"column":21},"end":{"line":169,"column":null}},"37":{"start":{"line":171,"column":2},"end":{"line":180,"column":null}},"38":{"start":{"line":185,"column":8},"end":{"line":185,"column":64}},"39":{"start":{"line":186,"column":8},"end":{"line":186,"column":60}},"40":{"start":{"line":187,"column":8},"end":{"line":187,"column":36}},"41":{"start":{"line":188,"column":25},"end":{"line":188,"column":61}},"42":{"start":{"line":192,"column":8},"end":{"line":200,"column":8}},"43":{"start":{"line":193,"column":15},"end":{"line":193,"column":null}},"44":{"start":{"line":194,"column":4},"end":{"line":194,"column":null}},"45":{"start":{"line":194,"column":13},"end":{"line":194,"column":null}},"46":{"start":{"line":195,"column":22},"end":{"line":195,"column":null}},"47":{"start":{"line":197,"column":6},"end":{"line":197,"column":null}},"48":{"start":{"line":198,"column":4},"end":{"line":198,"column":null}},"49":{"start":{"line":199,"column":4},"end":{"line":199,"column":null}},"50":{"start":{"line":203,"column":8},"end":{"line":207,"column":8}},"51":{"start":{"line":204,"column":4},"end":{"line":204,"column":null}},"52":{"start":{"line":205,"column":4},"end":{"line":205,"column":null}},"53":{"start":{"line":206,"column":4},"end":{"line":206,"column":null}},"54":{"start":{"line":211,"column":2},"end":{"line":214,"column":null}},"55":{"start":{"line":212,"column":4},"end":{"line":212,"column":null}},"56":{"start":{"line":212,"column":32},"end":{"line":212,"column":null}},"57":{"start":{"line":213,"column":4},"end":{"line":213,"column":null}},"58":{"start":{"line":216,"column":2},"end":{"line":257,"column":null}},"59":{"start":{"line":224,"column":10},"end":{"line":242,"column":null}}},"fnMap":{"0":{"name":"(anonymous_0)","decl":{"start":{"line":15,"column":6},"end":{"line":15,"column":30}},"loc":{"start":{"line":15,"column":30},"end":{"line":42,"column":null}},"line":15},"1":{"name":"(anonymous_1)","decl":{"start":{"line":25,"column":19},"end":{"line":25,"column":24}},"loc":{"start":{"line":26,"column":10},"end":{"line":39,"column":null}},"line":26},"2":{"name":"CodeBlock","decl":{"start":{"line":46,"column":9},"end":{"line":46,"column":19}},"loc":{"start":{"line":46,"column":75},"end":{"line":91,"column":null}},"line":46},"3":{"name":"(anonymous_3)","decl":{"start":{"line":49,"column":21},"end":{"line":49,"column":33}},"loc":{"start":{"line":49,"column":33},"end":{"line":53,"column":null}},"line":49},"4":{"name":"(anonymous_4)","decl":{"start":{"line":53,"column":4},"end":{"line":53,"column":21}},"loc":{"start":{"line":53,"column":21},"end":{"line":53,"column":39}},"line":53},"5":{"name":"extractText","decl":{"start":{"line":96,"column":9},"end":{"line":96,"column":21}},"loc":{"start":{"line":96,"column":40},"end":{"line":105,"column":null}},"line":96},"6":{"name":"(anonymous_6)","decl":{"start":{"line":109,"column":2},"end":{"line":109,"column":6}},"loc":{"start":{"line":109,"column":20},"end":{"line":115,"column":null}},"line":109},"7":{"name":"(anonymous_7)","decl":{"start":{"line":118,"column":2},"end":{"line":118,"column":7}},"loc":{"start":{"line":118,"column":21},"end":{"line":122,"column":null}},"line":118},"8":{"name":"(anonymous_8)","decl":{"start":{"line":126,"column":2},"end":{"line":126,"column":4}},"loc":{"start":{"line":126,"column":18},"end":{"line":132,"column":null}},"line":126},"9":{"name":"(anonymous_9)","decl":{"start":{"line":136,"column":2},"end":{"line":136,"column":8}},"loc":{"start":{"line":136,"column":22},"end":{"line":140,"column":null}},"line":136},"10":{"name":"(anonymous_10)","decl":{"start":{"line":144,"column":2},"end":{"line":144,"column":5}},"loc":{"start":{"line":144,"column":19},"end":{"line":146,"column":null}},"line":144},"11":{"name":"(anonymous_11)","decl":{"start":{"line":150,"column":2},"end":{"line":150,"column":5}},"loc":{"start":{"line":150,"column":19},"end":{"line":151,"column":null}},"line":150},"12":{"name":"(anonymous_12)","decl":{"start":{"line":154,"column":2},"end":{"line":154,"column":4}},"loc":{"start":{"line":154,"column":24},"end":{"line":163,"column":null}},"line":154},"13":{"name":"MessageFormatter","decl":{"start":{"line":168,"column":9},"end":{"line":168,"column":26}},"loc":{"start":{"line":168,"column":54},"end":{"line":180,"column":null}},"line":168},"14":{"name":"ChatMessageList","decl":{"start":{"line":184,"column":16},"end":{"line":184,"column":32}},"loc":{"start":{"line":184,"column":54},"end":{"line":257,"column":null}},"line":184},"15":{"name":"(anonymous_15)","decl":{"start":{"line":192,"column":26},"end":{"line":192,"column":44}},"loc":{"start":{"line":192,"column":44},"end":{"line":200,"column":7}},"line":192},"16":{"name":"(anonymous_16)","decl":{"start":{"line":203,"column":25},"end":{"line":203,"column":43}},"loc":{"start":{"line":203,"column":43},"end":{"line":207,"column":7}},"line":203},"17":{"name":"(anonymous_17)","decl":{"start":{"line":211,"column":2},"end":{"line":211,"column":18}},"loc":{"start":{"line":211,"column":18},"end":{"line":214,"column":6}},"line":211},"18":{"name":"(anonymous_18)","decl":{"start":{"line":223,"column":20},"end":{"line":223,"column":25}},"loc":{"start":{"line":224,"column":10},"end":{"line":242,"column":null}},"line":224}},"branchMap":{"0":{"loc":{"start":{"line":64,"column":11},"end":{"line":64,"column":null}},"type":"binary-expr","locations":[{"start":{"line":64,"column":11},"end":{"line":64,"column":23}},{"start":{"line":64,"column":23},"end":{"line":64,"column":null}}],"line":64},"1":{"loc":{"start":{"line":72,"column":11},"end":{"line":81,"column":null}},"type":"cond-expr","locations":[{"start":{"line":73,"column":12},"end":{"line":76,"column":null}},{"start":{"line":78,"column":12},"end":{"line":81,"column":null}}],"line":72},"2":{"loc":{"start":{"line":97,"column":2},"end":{"line":97,"column":null}},"type":"if","locations":[{"start":{"line":97,"column":2},"end":{"line":97,"column":null}},{"start":{},"end":{}}],"line":97},"3":{"loc":{"start":{"line":98,"column":2},"end":{"line":98,"column":null}},"type":"if","locations":[{"start":{"line":98,"column":2},"end":{"line":98,"column":null}},{"start":{},"end":{}}],"line":98},"4":{"loc":{"start":{"line":99,"column":2},"end":{"line":100,"column":null}},"type":"if","locations":[{"start":{"line":99,"column":2},"end":{"line":100,"column":null}},{"start":{},"end":{}}],"line":99},"5":{"loc":{"start":{"line":102,"column":2},"end":{"line":103,"column":null}},"type":"if","locations":[{"start":{"line":102,"column":2},"end":{"line":103,"column":null}},{"start":{},"end":{}}],"line":102},"6":{"loc":{"start":{"line":111,"column":22},"end":{"line":111,"column":null}},"type":"binary-expr","locations":[{"start":{"line":111,"column":22},"end":{"line":111,"column":50}},{"start":{"line":111,"column":50},"end":{"line":111,"column":null}}],"line":111},"7":{"loc":{"start":{"line":128,"column":4},"end":{"line":129,"column":null}},"type":"if","locations":[{"start":{"line":128,"column":4},"end":{"line":129,"column":null}},{"start":{},"end":{}}],"line":128},"8":{"loc":{"start":{"line":128,"column":8},"end":{"line":128,"column":57}},"type":"binary-expr","locations":[{"start":{"line":128,"column":8},"end":{"line":128,"column":36}},{"start":{"line":128,"column":40},"end":{"line":128,"column":57}}],"line":128},"9":{"loc":{"start":{"line":169,"column":2},"end":{"line":169,"column":null}},"type":"if","locations":[{"start":{"line":169,"column":2},"end":{"line":169,"column":null}},{"start":{},"end":{}}],"line":169},"10":{"loc":{"start":{"line":194,"column":4},"end":{"line":194,"column":null}},"type":"if","locations":[{"start":{"line":194,"column":4},"end":{"line":194,"column":null}},{"start":{},"end":{}}],"line":194},"11":{"loc":{"start":{"line":212,"column":4},"end":{"line":212,"column":null}},"type":"if","locations":[{"start":{"line":212,"column":4},"end":{"line":212,"column":null}},{"start":{},"end":{}}],"line":212},"12":{"loc":{"start":{"line":233,"column":13},"end":{"line":240,"column":null}},"type":"cond-expr","locations":[{"start":{"line":234,"column":14},"end":{"line":236,"column":15}},{"start":{"line":236,"column":14},"end":{"line":240,"column":null}}],"line":233},"13":{"loc":{"start":{"line":248,"column":7},"end":{"line":257,"column":null}},"type":"binary-expr","locations":[{"start":{"line":248,"column":7},"end":{"line":248,"column":null}},{"start":{"line":249,"column":8},"end":{"line":257,"column":null}}],"line":248}},"s":{"0":2,"1":1,"2":3,"3":4,"4":4,"5":2,"6":2,"7":2,"8":0,"9":4,"10":13,"11":9,"12":4,"13":0,"14":4,"15":1,"16":3,"17":3,"18":0,"19":2,"20":4,"21":4,"22":4,"23":4,"24":4,"25":4,"26":1,"27":10,"28":10,"29":0,"30":10,"31":1,"32":2,"33":2,"34":1,"35":15,"36":0,"37":15,"38":19,"39":19,"40":19,"41":19,"42":19,"43":1,"44":1,"45":0,"46":1,"47":1,"48":1,"49":1,"50":19,"51":0,"52":0,"53":0,"54":19,"55":15,"56":0,"57":15,"58":19,"59":16},"f":{"0":1,"1":3,"2":4,"3":2,"4":0,"5":13,"6":4,"7":1,"8":10,"9":1,"10":2,"11":2,"12":1,"13":15,"14":19,"15":1,"16":0,"17":15,"18":16},"b":{"0":[4,1],"1":[0,4],"2":[9,4],"3":[0,4],"4":[1,3],"5":[3,0],"6":[4,3],"7":[0,10],"8":[10,0],"9":[0,15],"10":[0,1],"11":[0,15],"12":[1,15],"13":[19,1]},"meta":{"lastBranch":14,"lastFunction":19,"lastStatement":60,"seen":{"s:15:6:42:Infinity":0,"f:15:6:15:30":0,"s:16:2:42:Infinity":1,"f:25:19:25:24":1,"s:26:10:39:Infinity":2,"f:46:9:46:19":2,"s:47:19:47:49":3,"s:49:21:53:Infinity":4,"f:49:21:49:33":3,"s:50:4:50:Infinity":5,"s:51:4:51:Infinity":6,"s:53:4:53:Infinity":7,"f:53:4:53:21":4,"s:53:21:53:39":8,"s:56:2:91:Infinity":9,"b:64:11:64:23:64:23:64:Infinity":0,"b:73:12:76:Infinity:78:12:81:Infinity":1,"f:96:9:96:21":5,"b:97:2:97:Infinity:undefined:undefined:undefined:undefined":2,"s:97:2:97:Infinity":10,"s:97:32:97:Infinity":11,"b:98:2:98:Infinity:undefined:undefined:undefined:undefined":3,"s:98:2:98:Infinity":12,"s:98:32:98:Infinity":13,"b:99:2:100:Infinity:undefined:undefined:undefined:undefined":4,"s:99:2:100:Infinity":14,"s:100:4:100:Infinity":15,"b:102:2:103:Infinity:undefined:undefined:undefined:undefined":5,"s:102:2:103:Infinity":16,"s:103:4:103:Infinity":17,"s:105:2:105:Infinity":18,"s:108:31:166:Infinity":19,"f:109:2:109:6":6,"s:110:19:110:Infinity":20,"s:111:22:111:Infinity":21,"b:111:22:111:50:111:50:111:Infinity":6,"s:112:21:112:55":22,"s:113:16:113:Infinity":23,"s:114:17:114:52":24,"s:115:4:115:Infinity":25,"f:118:2:118:7":7,"s:119:4:122:Infinity":26,"f:126:2:126:4":8,"s:127:17:127:40":27,"b:128:4:129:Infinity:undefined:undefined:undefined:undefined":7,"s:128:4:129:Infinity":28,"b:128:8:128:36:128:40:128:57":8,"s:129:6:129:Infinity":29,"s:131:4:132:Infinity":30,"f:136:2:136:8":9,"s:137:4:140:Infinity":31,"f:144:2:144:5":10,"s:145:4:146:Infinity":32,"f:150:2:150:5":11,"s:151:4:151:Infinity":33,"f:154:2:154:4":12,"s:155:4:163:Infinity":34,"f:168:9:168:26":13,"b:169:2:169:Infinity:undefined:undefined:undefined:undefined":9,"s:169:2:169:Infinity":35,"s:169:21:169:Infinity":36,"s:171:2:180:Infinity":37,"f:184:16:184:32":14,"s:185:8:185:64":38,"s:186:8:186:60":39,"s:187:8:187:36":40,"s:188:25:188:61":41,"s:192:8:200:8":42,"f:192:26:192:44":15,"s:193:15:193:Infinity":43,"b:194:4:194:Infinity:undefined:undefined:undefined:undefined":10,"s:194:4:194:Infinity":44,"s:194:13:194:Infinity":45,"s:195:22:195:Infinity":46,"s:197:6:197:Infinity":47,"s:198:4:198:Infinity":48,"s:199:4:199:Infinity":49,"s:203:8:207:8":50,"f:203:25:203:43":16,"s:204:4:204:Infinity":51,"s:205:4:205:Infinity":52,"s:206:4:206:Infinity":53,"s:211:2:214:Infinity":54,"f:211:2:211:18":17,"b:212:4:212:Infinity:undefined:undefined:undefined:undefined":11,"s:212:4:212:Infinity":55,"s:212:32:212:Infinity":56,"s:213:4:213:Infinity":57,"s:216:2:257:Infinity":58,"f:223:20:223:25":18,"s:224:10:242:Infinity":59,"b:234:14:236:15:236:14:240:Infinity":12,"b:248:7:248:Infinity:249:8:257:Infinity":13}}}
,"/Users/tusharagey/Desktop/progs/veronica-ai/magic-ui/src/components/chatbot/Zap.tsx": {"path":"/Users/tusharagey/Desktop/progs/veronica-ai/magic-ui/src/components/chatbot/Zap.tsx","statementMap":{"0":{"start":{"line":3,"column":2},"end":{"line":6,"column":null}}},"fnMap":{"0":{"name":"ZapBackdrop","decl":{"start":{"line":2,"column":16},"end":{"line":2,"column":30}},"loc":{"start":{"line":2,"column":30},"end":{"line":6,"column":null}},"line":2}},"branchMap":{},"s":{"0":8},"f":{"0":8},"b":{},"meta":{"lastBranch":0,"lastFunction":1,"lastStatement":1,"seen":{"f:2:16:2:30":0,"s:3:2:6:Infinity":0}}}
,"/Users/tusharagey/Desktop/progs/veronica-ai/magic-ui/src/components/chatbot/completion.ts": {"path":"/Users/tusharagey/Desktop/progs/veronica-ai/magic-ui/src/components/chatbot/completion.ts","statementMap":{"0":{"start":{"line":13,"column":35},"end":{"line":33,"column":null}},"1":{"start":{"line":34,"column":41},"end":{"line":34,"column":null}},"2":{"start":{"line":36,"column":2},"end":{"line":36,"column":null}},"3":{"start":{"line":37,"column":2},"end":{"line":37,"column":null}},"4":{"start":{"line":46,"column":2},"end":{"line":47,"column":null}},"5":{"start":{"line":47,"column":4},"end":{"line":47,"column":null}},"6":{"start":{"line":50,"column":37},"end":{"line":55,"column":null}},"7":{"start":{"line":58,"column":27},"end":{"line":62,"column":null}},"8":{"start":{"line":64,"column":19},"end":{"line":75,"column":null}},"9":{"start":{"line":78,"column":2},"end":{"line":79,"column":null}},"10":{"start":{"line":79,"column":4},"end":{"line":79,"column":null}},"11":{"start":{"line":82,"column":17},"end":{"line":82,"column":42}},"12":{"start":{"line":83,"column":18},"end":{"line":83,"column":35}},"13":{"start":{"line":85,"column":16},"end":{"line":85,"column":null}},"14":{"start":{"line":87,"column":2},"end":{"line":165,"column":null}},"15":{"start":{"line":88,"column":15},"end":{"line":88,"column":null}},"16":{"start":{"line":89,"column":35},"end":{"line":89,"column":null}},"17":{"start":{"line":90,"column":17},"end":{"line":90,"column":null}},"18":{"start":{"line":92,"column":4},"end":{"line":148,"column":null}},"19":{"start":{"line":93,"column":21},"end":{"line":93,"column":40}},"20":{"start":{"line":95,"column":6},"end":{"line":100,"column":null}},"21":{"start":{"line":97,"column":8},"end":{"line":98,"column":null}},"22":{"start":{"line":98,"column":10},"end":{"line":98,"column":null}},"23":{"start":{"line":100,"column":8},"end":{"line":100,"column":null}},"24":{"start":{"line":103,"column":6},"end":{"line":105,"column":null}},"25":{"start":{"line":107,"column":21},"end":{"line":107,"column":41}},"26":{"start":{"line":110,"column":6},"end":{"line":110,"column":null}},"27":{"start":{"line":112,"column":6},"end":{"line":148,"column":null}},"28":{"start":{"line":113,"column":22},"end":{"line":113,"column":37}},"29":{"start":{"line":115,"column":8},"end":{"line":116,"column":null}},"30":{"start":{"line":116,"column":10},"end":{"line":116,"column":null}},"31":{"start":{"line":119,"column":26},"end":{"line":122,"column":55}},"32":{"start":{"line":121,"column":28},"end":{"line":121,"column":52}},"33":{"start":{"line":122,"column":25},"end":{"line":122,"column":54}},"34":{"start":{"line":124,"column":21},"end":{"line":124,"column":48}},"35":{"start":{"line":126,"column":8},"end":{"line":127,"column":null}},"36":{"start":{"line":127,"column":10},"end":{"line":127,"column":null}},"37":{"start":{"line":130,"column":8},"end":{"line":134,"column":null}},"38":{"start":{"line":133,"column":10},"end":{"line":133,"column":null}},"39":{"start":{"line":134,"column":10},"end":{"line":134,"column":null}},"40":{"start":{"line":137,"column":8},"end":{"line":148,"column":null}},"41":{"start":{"line":138,"column":36},"end":{"line":138,"column":52}},"42":{"start":{"line":140,"column":24},"end":{"line":140,"column":null}},"43":{"start":{"line":142,"column":10},"end":{"line":144,"column":null}},"44":{"start":{"line":143,"column":12},"end":{"line":143,"column":null}},"45":{"start":{"line":144,"column":12},"end":{"line":144,"column":null}},"46":{"start":{"line":148,"column":10},"end":{"line":148,"column":null}},"47":{"start":{"line":154,"column":4},"end":{"line":155,"column":null}},"48":{"start":{"line":155,"column":6},"end":{"line":155,"column":null}},"49":{"start":{"line":158,"column":4},"end":{"line":159,"column":null}},"50":{"start":{"line":159,"column":6},"end":{"line":159,"column":null}},"51":{"start":{"line":162,"column":4},"end":{"line":162,"column":null}},"52":{"start":{"line":163,"column":4},"end":{"line":163,"column":null}},"53":{"start":{"line":165,"column":4},"end":{"line":165,"column":null}},"54":{"start":{"line":168,"column":2},"end":{"line":168,"column":null}}},"fnMap":{"0":{"name":"stopGeneration","decl":{"start":{"line":35,"column":16},"end":{"line":35,"column":33}},"loc":{"start":{"line":35,"column":33},"end":{"line":37,"column":null}},"line":35},"1":{"name":"llama","decl":{"start":{"line":41,"column":23},"end":{"line":41,"column":null}},"loc":{"start":{"line":45,"column":40},"end":{"line":168,"column":null}},"line":45},"2":{"name":"(anonymous_2)","decl":{"start":{"line":121,"column":11},"end":{"line":121,"column":19}},"loc":{"start":{"line":121,"column":28},"end":{"line":121,"column":52}},"line":121},"3":{"name":"(anonymous_3)","decl":{"start":{"line":122,"column":11},"end":{"line":122,"column":16}},"loc":{"start":{"line":122,"column":25},"end":{"line":122,"column":54}},"line":122}},"branchMap":{"0":{"loc":{"start":{"line":44,"column":2},"end":{"line":44,"column":26}},"type":"default-arg","locations":[{"start":{"line":44,"column":24},"end":{"line":44,"column":26}}],"line":44},"1":{"loc":{"start":{"line":46,"column":2},"end":{"line":47,"column":null}},"type":"if","locations":[{"start":{"line":46,"column":2},"end":{"line":47,"column":null}},{"start":{},"end":{}}],"line":46},"2":{"loc":{"start":{"line":78,"column":2},"end":{"line":79,"column":null}},"type":"if","locations":[{"start":{"line":78,"column":2},"end":{"line":79,"column":null}},{"start":{},"end":{}}],"line":78},"3":{"loc":{"start":{"line":95,"column":6},"end":{"line":100,"column":null}},"type":"if","locations":[{"start":{"line":95,"column":6},"end":{"line":100,"column":null}},{"start":{},"end":{}}],"line":95},"4":{"loc":{"start":{"line":97,"column":8},"end":{"line":98,"column":null}},"type":"if","locations":[{"start":{"line":97,"column":8},"end":{"line":98,"column":null}},{"start":{},"end":{}}],"line":97},"5":{"loc":{"start":{"line":110,"column":15},"end":{"line":110,"column":null}},"type":"binary-expr","locations":[{"start":{"line":110,"column":15},"end":{"line":110,"column":27}},{"start":{"line":110,"column":31},"end":{"line":110,"column":null}}],"line":110},"6":{"loc":{"start":{"line":115,"column":8},"end":{"line":116,"column":null}},"type":"if","locations":[{"start":{"line":115,"column":8},"end":{"line":116,"column":null}},{"start":{},"end":{}}],"line":115},"7":{"loc":{"start":{"line":126,"column":8},"end":{"line":127,"column":null}},"type":"if","locations":[{"start":{"line":126,"column":8},"end":{"line":127,"column":null}},{"start":{},"end":{}}],"line":126},"8":{"loc":{"start":{"line":130,"column":8},"end":{"line":134,"column":null}},"type":"if","locations":[{"start":{"line":130,"column":8},"end":{"line":134,"column":null}},{"start":{},"end":{}}],"line":130},"9":{"loc":{"start":{"line":142,"column":10},"end":{"line":144,"column":null}},"type":"if","locations":[{"start":{"line":142,"column":10},"end":{"line":144,"column":null}},{"start":{},"end":{}}],"line":142},"10":{"loc":{"start":{"line":154,"column":4},"end":{"line":155,"column":null}},"type":"if","locations":[{"start":{"line":154,"column":4},"end":{"line":155,"column":null}},{"start":{},"end":{}}],"line":154},"11":{"loc":{"start":{"line":158,"column":4},"end":{"line":159,"column":null}},"type":"if","locations":[{"start":{"line":158,"column":4},"end":{"line":159,"column":null}},{"start":{},"end":{}}],"line":158},"12":{"loc":{"start":{"line":158,"column":8},"end":{"line":158,"column":70}},"type":"binary-expr","locations":[{"start":{"line":158,"column":8},"end":{"line":158,"column":41}},{"start":{"line":158,"column":41},"end":{"line":158,"column":70}}],"line":158}},"s":{"0":4,"1":4,"2":7,"3":7,"4":6,"5":6,"6":6,"7":6,"8":6,"9":6,"10":1,"11":5,"12":5,"13":5,"14":5,"15":5,"16":5,"17":5,"18":5,"19":10,"20":10,"21":0,"22":0,"23":0,"24":10,"25":10,"26":10,"27":10,"28":10,"29":10,"30":0,"31":10,"32":10,"33":10,"34":10,"35":10,"36":0,"37":10,"38":4,"39":4,"40":6,"41":6,"42":6,"43":10,"44":4,"45":4,"46":1,"47":4,"48":1,"49":0,"50":0,"51":0,"52":0,"53":4,"54":4},"f":{"0":7,"1":6,"2":10,"3":10},"b":{"0":[6],"1":[6,0],"2":[1,5],"3":[0,10],"4":[0,0],"5":[10,0],"6":[0,10],"7":[0,10],"8":[4,6],"9":[4,6],"10":[1,3],"11":[0,0],"12":[0,0]},"meta":{"lastBranch":13,"lastFunction":4,"lastStatement":55,"seen":{"s:13:35:33:Infinity":0,"s:34:41:34:Infinity":1,"f:35:16:35:33":0,"s:36:2:36:Infinity":2,"s:37:2:37:Infinity":3,"f:41:23:41:Infinity":1,"b:44:24:44:26":0,"b:46:2:47:Infinity:undefined:undefined:undefined:undefined":1,"s:46:2:47:Infinity":4,"s:47:4:47:Infinity":5,"s:50:37:55:Infinity":6,"s:58:27:62:Infinity":7,"s:64:19:75:Infinity":8,"b:78:2:79:Infinity:undefined:undefined:undefined:undefined":2,"s:78:2:79:Infinity":9,"s:79:4:79:Infinity":10,"s:82:17:82:42":11,"s:83:18:83:35":12,"s:85:16:85:Infinity":13,"s:87:2:165:Infinity":14,"s:88:15:88:Infinity":15,"s:89:35:89:Infinity":16,"s:90:17:90:Infinity":17,"s:92:4:148:Infinity":18,"s:93:21:93:40":19,"b:95:6:100:Infinity:undefined:undefined:undefined:undefined":3,"s:95:6:100:Infinity":20,"b:97:8:98:Infinity:undefined:undefined:undefined:undefined":4,"s:97:8:98:Infinity":21,"s:98:10:98:Infinity":22,"s:100:8:100:Infinity":23,"s:103:6:105:Infinity":24,"s:107:21:107:41":25,"s:110:6:110:Infinity":26,"b:110:15:110:27:110:31:110:Infinity":5,"s:112:6:148:Infinity":27,"s:113:22:113:37":28,"b:115:8:116:Infinity:undefined:undefined:undefined:undefined":6,"s:115:8:116:Infinity":29,"s:116:10:116:Infinity":30,"s:119:26:122:55":31,"f:121:11:121:19":2,"s:121:28:121:52":32,"f:122:11:122:16":3,"s:122:25:122:54":33,"s:124:21:124:48":34,"b:126:8:127:Infinity:undefined:undefined:undefined:undefined":7,"s:126:8:127:Infinity":35,"s:127:10:127:Infinity":36,"b:130:8:134:Infinity:undefined:undefined:undefined:undefined":8,"s:130:8:134:Infinity":37,"s:133:10:133:Infinity":38,"s:134:10:134:Infinity":39,"s:137:8:148:Infinity":40,"s:138:36:138:52":41,"s:140:24:140:Infinity":42,"b:142:10:144:Infinity:undefined:undefined:undefined:undefined":9,"s:142:10:144:Infinity":43,"s:143:12:143:Infinity":44,"s:144:12:144:Infinity":45,"s:148:10:148:Infinity":46,"b:154:4:155:Infinity:undefined:undefined:undefined:undefined":10,"s:154:4:155:Infinity":47,"s:155:6:155:Infinity":48,"b:158:4:159:Infinity:undefined:undefined:undefined:undefined":11,"s:158:4:159:Infinity":49,"b:158:8:158:41:158:41:158:70":12,"s:159:6:159:Infinity":50,"s:162:4:162:Infinity":51,"s:163:4:163:Infinity":52,"s:165:4:165:Infinity":53,"s:168:2:168:Infinity":54}}}
,"/Users/tusharagey/Desktop/progs/veronica-ai/magic-ui/src/components/chatbot/hologram/HologramControls.tsx": {"path":"/Users/tusharagey/Desktop/progs/veronica-ai/magic-ui/src/components/chatbot/hologram/HologramControls.tsx","statementMap":{"0":{"start":{"line":9,"column":13},"end":{"line":82,"column":null}},"1":{"start":{"line":14,"column":2},"end":{"line":82,"column":null}}},"fnMap":{"0":{"name":"(anonymous_0)","decl":{"start":{"line":9,"column":13},"end":{"line":9,"column":66}},"loc":{"start":{"line":13,"column":6},"end":{"line":82,"column":null}},"line":13}},"branchMap":{"0":{"loc":{"start":{"line":17,"column":8},"end":{"line":19,"column":null}},"type":"cond-expr","locations":[{"start":{"line":18,"column":12},"end":{"line":18,"column":null}},{"start":{"line":19,"column":12},"end":{"line":19,"column":null}}],"line":17},"1":{"loc":{"start":{"line":26,"column":10},"end":{"line":26,"column":null}},"type":"cond-expr","locations":[{"start":{"line":26,"column":26},"end":{"line":26,"column":51}},{"start":{"line":26,"column":51},"end":{"line":26,"column":null}}],"line":26},"2":{"loc":{"start":{"line":29,"column":9},"end":{"line":60,"column":null}},"type":"cond-expr","locations":[{"start":{"line":30,"column":10},"end":{"line":48,"column":11}},{"start":{"line":48,"column":10},"end":{"line":60,"column":null}}],"line":29}},"s":{"0":2,"1":7},"f":{"0":7},"b":{"0":[2,5],"1":[2,5],"2":[2,5]},"meta":{"lastBranch":3,"lastFunction":1,"lastStatement":2,"seen":{"s:9:13:82:Infinity":0,"f:9:13:9:66":0,"s:14:2:82:Infinity":1,"b:18:12:18:Infinity:19:12:19:Infinity":0,"b:26:26:26:51:26:51:26:Infinity":1,"b:30:10:48:11:48:10:60:Infinity":2}}}
,"/Users/tusharagey/Desktop/progs/veronica-ai/magic-ui/src/components/chatbot/hologram/HologramModal.tsx": {"path":"/Users/tusharagey/Desktop/progs/veronica-ai/magic-ui/src/components/chatbot/hologram/HologramModal.tsx","statementMap":{"0":{"start":{"line":10,"column":6},"end":{"line":128,"column":null}},"1":{"start":{"line":12,"column":24},"end":{"line":12,"column":68}},"2":{"start":{"line":13,"column":24},"end":{"line":13,"column":68}},"3":{"start":{"line":14,"column":8},"end":{"line":14,"column":43}},"4":{"start":{"line":15,"column":8},"end":{"line":15,"column":45}},"5":{"start":{"line":16,"column":8},"end":{"line":16,"column":47}},"6":{"start":{"line":19,"column":2},"end":{"line":19,"column":null}},"7":{"start":{"line":22,"column":63},"end":{"line":23,"column":51}},"8":{"start":{"line":26,"column":8},"end":{"line":31,"column":null}},"9":{"start":{"line":28,"column":6},"end":{"line":28,"column":null}},"10":{"start":{"line":29,"column":6},"end":{"line":29,"column":null}},"11":{"start":{"line":29,"column":54},"end":{"line":29,"column":null}},"12":{"start":{"line":35,"column":22},"end":{"line":39,"column":4}},"13":{"start":{"line":42,"column":10},"end":{"line":49,"column":4}},"14":{"start":{"line":52,"column":2},"end":{"line":60,"column":null}},"15":{"start":{"line":62,"column":8},"end":{"line":69,"column":8}},"16":{"start":{"line":63,"column":4},"end":{"line":68,"column":null}},"17":{"start":{"line":64,"column":19},"end":{"line":64,"column":null}},"18":{"start":{"line":65,"column":6},"end":{"line":65,"column":null}},"19":{"start":{"line":66,"column":6},"end":{"line":66,"column":null}},"20":{"start":{"line":66,"column":34},"end":{"line":66,"column":75}},"21":{"start":{"line":67,"column":6},"end":{"line":67,"column":null}},"22":{"start":{"line":71,"column":8},"end":{"line":81,"column":49}},"23":{"start":{"line":72,"column":4},"end":{"line":76,"column":null}},"24":{"start":{"line":73,"column":6},"end":{"line":76,"column":null}},"25":{"start":{"line":74,"column":8},"end":{"line":74,"column":null}},"26":{"start":{"line":76,"column":8},"end":{"line":76,"column":null}},"27":{"start":{"line":79,"column":4},"end":{"line":79,"column":null}},"28":{"start":{"line":80,"column":4},"end":{"line":80,"column":null}},"29":{"start":{"line":83,"column":2},"end":{"line":83,"column":null}},"30":{"start":{"line":83,"column":15},"end":{"line":83,"column":null}},"31":{"start":{"line":85,"column":2},"end":{"line":128,"column":null}}},"fnMap":{"0":{"name":"(anonymous_0)","decl":{"start":{"line":10,"column":6},"end":{"line":10,"column":53}},"loc":{"start":{"line":10,"column":77},"end":{"line":128,"column":null}},"line":10},"1":{"name":"(anonymous_1)","decl":{"start":{"line":26,"column":28},"end":{"line":26,"column":null}},"loc":{"start":{"line":27,"column":28},"end":{"line":31,"column":5}},"line":27},"2":{"name":"(anonymous_2)","decl":{"start":{"line":62,"column":26},"end":{"line":62,"column":44}},"loc":{"start":{"line":62,"column":44},"end":{"line":69,"column":7}},"line":62},"3":{"name":"(anonymous_3)","decl":{"start":{"line":63,"column":4},"end":{"line":63,"column":22}},"loc":{"start":{"line":63,"column":31},"end":{"line":68,"column":null}},"line":63},"4":{"name":"(anonymous_4)","decl":{"start":{"line":66,"column":6},"end":{"line":66,"column":34}},"loc":{"start":{"line":66,"column":34},"end":{"line":66,"column":75}},"line":66},"5":{"name":"(anonymous_5)","decl":{"start":{"line":71,"column":21},"end":{"line":71,"column":39}},"loc":{"start":{"line":71,"column":39},"end":{"line":81,"column":6}},"line":71}},"branchMap":{"0":{"loc":{"start":{"line":29,"column":6},"end":{"line":29,"column":null}},"type":"if","locations":[{"start":{"line":29,"column":6},"end":{"line":29,"column":null}},{"start":{},"end":{}}],"line":29},"1":{"loc":{"start":{"line":29,"column":10},"end":{"line":29,"column":54}},"type":"binary-expr","locations":[{"start":{"line":29,"column":10},"end":{"line":29,"column":38}},{"start":{"line":29,"column":38},"end":{"line":29,"column":54}}],"line":29},"2":{"loc":{"start":{"line":72,"column":4},"end":{"line":76,"column":null}},"type":"if","locations":[{"start":{"line":72,"column":4},"end":{"line":76,"column":null}},{"start":{},"end":{}}],"line":72},"3":{"loc":{"start":{"line":83,"column":2},"end":{"line":83,"column":null}},"type":"if","locations":[{"start":{"line":83,"column":2},"end":{"line":83,"column":null}},{"start":{},"end":{}}],"line":83},"4":{"loc":{"start":{"line":89,"column":7},"end":{"line":121,"column":null}},"type":"binary-expr","locations":[{"start":{"line":89,"column":7},"end":{"line":89,"column":null}},{"start":{"line":90,"column":8},"end":{"line":121,"column":null}}],"line":89},"5":{"loc":{"start":{"line":123,"column":7},"end":{"line":128,"column":null}},"type":"binary-expr","locations":[{"start":{"line":123,"column":7},"end":{"line":123,"column":null}},{"start":{"line":124,"column":8},"end":{"line":128,"column":null}}],"line":123}},"s":{"0":1,"1":6,"2":6,"3":6,"4":6,"5":6,"6":6,"7":6,"8":6,"9":0,"10":0,"11":0,"12":6,"13":6,"14":6,"15":6,"16":0,"17":0,"18":0,"19":0,"20":0,"21":0,"22":6,"23":1,"24":0,"25":0,"26":0,"27":1,"28":1,"29":6,"30":1,"31":5},"f":{"0":6,"1":0,"2":0,"3":0,"4":0,"5":1},"b":{"0":[0,0],"1":[0,0],"2":[0,1],"3":[1,5],"4":[5,5],"5":[6,0]},"meta":{"lastBranch":6,"lastFunction":6,"lastStatement":32,"seen":{"s:10:6:128:Infinity":0,"f:10:6:10:53":0,"s:12:24:12:68":1,"s:13:24:13:68":2,"s:14:8:14:43":3,"s:15:8:15:45":4,"s:16:8:16:47":5,"s:19:2:19:Infinity":6,"s:22:63:23:51":7,"s:26:8:31:Infinity":8,"f:26:28:26:Infinity":1,"s:28:6:28:Infinity":9,"b:29:6:29:Infinity:undefined:undefined:undefined:undefined":0,"s:29:6:29:Infinity":10,"b:29:10:29:38:29:38:29:54":1,"s:29:54:29:Infinity":11,"s:35:22:39:4":12,"s:42:10:49:4":13,"s:52:2:60:Infinity":14,"s:62:8:69:8":15,"f:62:26:62:44":2,"s:63:4:68:Infinity":16,"f:63:4:63:22":3,"s:64:19:64:Infinity":17,"s:65:6:65:Infinity":18,"s:66:6:66:Infinity":19,"f:66:6:66:34":4,"s:66:34:66:75":20,"s:67:6:67:Infinity":21,"s:71:8:81:49":22,"f:71:21:71:39":5,"b:72:4:76:Infinity:undefined:undefined:undefined:undefined":2,"s:72:4:76:Infinity":23,"s:73:6:76:Infinity":24,"s:74:8:74:Infinity":25,"s:76:8:76:Infinity":26,"s:79:4:79:Infinity":27,"s:80:4:80:Infinity":28,"b:83:2:83:Infinity:undefined:undefined:undefined:undefined":3,"s:83:2:83:Infinity":29,"s:83:15:83:Infinity":30,"s:85:2:128:Infinity":31,"b:89:7:89:Infinity:90:8:121:Infinity":4,"b:123:7:123:Infinity:124:8:128:Infinity":5}}}
,"/Users/tusharagey/Desktop/progs/veronica-ai/magic-ui/src/components/layout/MainGlassPanel.tsx": {"path":"/Users/tusharagey/Desktop/progs/veronica-ai/magic-ui/src/components/layout/MainGlassPanel.tsx","statementMap":{"0":{"start":{"line":13,"column":4},"end":{"line":13,"column":null}},"1":{"start":{"line":16,"column":4},"end":{"line":18,"column":null}},"2":{"start":{"line":20,"column":2},"end":{"line":26,"column":null}}},"fnMap":{"0":{"name":"MainGlassPanel","decl":{"start":{"line":7,"column":16},"end":{"line":7,"column":31}},"loc":{"start":{"line":11,"column":24},"end":{"line":26,"column":null}},"line":11}},"branchMap":{"0":{"loc":{"start":{"line":16,"column":4},"end":{"line":18,"column":null}},"type":"cond-expr","locations":[{"start":{"line":17,"column":8},"end":{"line":17,"column":null}},{"start":{"line":18,"column":8},"end":{"line":18,"column":null}}],"line":16}},"s":{"0":17,"1":17,"2":17},"f":{"0":17},"b":{"0":[1,16]},"meta":{"lastBranch":1,"lastFunction":1,"lastStatement":3,"seen":{"f:7:16:7:31":0,"s:13:4:13:Infinity":0,"s:16:4:18:Infinity":1,"b:17:8:17:Infinity:18:8:18:Infinity":0,"s:20:2:26:Infinity":2}}}
[...]
,"/Users/tusharagey/Desktop/progs/veronica-ai/magic-ui/src/utilities/const.ts": {"path":"/Users/tusharagey/Desktop/progs/veronica-ai/magic-ui/src/utilities/const.ts","statementMap":{"0":{"start":{"line":1,"column":54},"end":{"line":30,"column":null}},"1":{"start":{"line":32,"column":32},"end":{"line":69,"column":null}},"2":{"start":{"line":71,"column":20},"end":{"line":71,"column":null}},"3":{"start":{"line":72,"column":25},"end":{"line":72,"column":null}},"4":{"start":{"line":73,"column":22},"end":{"line":73,"column":null}},"5":{"start":{"line":74,"column":49},"end":{"line":74,"column":null}},"6":{"start":{"line":77,"column":38},"end":{"line":77,"column":null}},"7":{"start":{"line":78,"column":39},"end":{"line":78,"column":null}}},"fnMap":{},"branchMap":{},"s":{"0":17,"1":17,"2":17,"3":17,"4":17,"5":17,"6":17,"7":17},"f":{},"b":{},"meta":{"lastBranch":0,"lastFunction":0,"lastStatement":8,"seen":{"s:1:54:30:Infinity":0,"s:32:32:69:Infinity":1,"s:71:20:71:Infinity":2,"s:72:25:72:Infinity":3,"s:73:22:73:Infinity":4,"s:74:49:74:Infinity":5,"s:77:38:77:Infinity":6,"s:78:39:78:Infinity":7}}}
,"/Users/tusharagey/Desktop/progs/veronica-ai/magic-ui/src/utilities/utils.ts": {"path":"/Users/tusharagey/Desktop/progs/veronica-ai/magic-ui/src/utilities/utils.ts","statementMap":{"0":{"start":{"line":10,"column":2},"end":{"line":19,"column":null}},"1":{"start":{"line":10,"column":48},"end":{"line":18,"column":null}},"2":{"start":{"line":24,"column":22},"end":{"line":24,"column":null}},"3":{"start":{"line":25,"column":51},"end":{"line":25,"column":null}},"4":{"start":{"line":26,"column":8},"end":{"line":32,"column":13}},"5":{"start":{"line":27,"column":4},"end":{"line":32,"column":13}},"6":{"start":{"line":34,"column":8},"end":{"line":43,"column":null}},"7":{"start":{"line":35,"column":39},"end":{"line":35,"column":null}},"8":{"start":{"line":37,"column":4},"end":{"line":43,"column":null}},"9":{"start":{"line":46,"column":20},"end":{"line":46,"column":61}},"10":{"start":{"line":46,"column":43},"end":{"line":46,"column":61}},"11":{"start":{"line":49,"column":17},"end":{"line":49,"column":46}},"12":{"start":{"line":51,"column":35},"end":{"line":51,"column":37}},"13":{"start":{"line":53,"column":2},"end":{"line":63,"column":null}},"14":{"start":{"line":54,"column":18},"end":{"line":54,"column":39}},"15":{"start":{"line":56,"column":4},"end":{"line":57,"column":null}},"16":{"start":{"line":57,"column":6},"end":{"line":57,"column":null}},"17":{"start":{"line":60,"column":4},"end":{"line":63,"column":null}},"18":{"start":{"line":66,"column":2},"end":{"line":66,"column":null}},"19":{"start":{"line":70,"column":2},"end":{"line":70,"column":null}},"20":{"start":{"line":72,"column":13},"end":{"line":79,"column":null}},"21":{"start":{"line":73,"column":15},"end":{"line":73,"column":25}},"22":{"start":{"line":74,"column":14},"end":{"line":74,"column":29}},"23":{"start":{"line":75,"column":2},"end":{"line":79,"column":null}},"24":{"start":{"line":82,"column":13},"end":{"line":83,"column":null}},"25":{"start":{"line":83,"column":2},"end":{"line":83,"column":null}},"26":{"start":{"line":86,"column":13},"end":{"line":106,"column":null}},"27":{"start":{"line":91,"column":2},"end":{"line":104,"column":null}},"28":{"start":{"line":92,"column":4},"end":{"line":92,"column":null}},"29":{"start":{"line":93,"column":13},"end":{"line":104,"column":null}},"30":{"start":{"line":94,"column":4},"end":{"line":94,"column":null}},"31":{"start":{"line":96,"column":4},"end":{"line":104,"column":null}},"32":{"start":{"line":104,"column":4},"end":{"line":104,"column":null}},"33":{"start":{"line":106,"column":2},"end":{"line":106,"column":null}},"34":{"start":{"line":109,"column":38},"end":{"line":126,"column":null}},"35":{"start":{"line":114,"column":4},"end":{"line":115,"column":null}},"36":{"start":{"line":117,"column":24},"end":{"line":117,"column":59}},"37":{"start":{"line":119,"column":25},"end":{"line":119,"column":74}},"38":{"start":{"line":121,"column":23},"end":{"line":122,"column":null}},"39":{"start":{"line":124,"column":2},"end":{"line":124,"column":null}},"40":{"start":{"line":125,"column":2},"end":{"line":125,"column":null}},"41":{"start":{"line":126,"column":2},"end":{"line":126,"column":null}},"42":{"start":{"line":129,"column":13},"end":{"line":131,"column":null}},"43":{"start":{"line":130,"column":3},"end":{"line":130,"column":null}},"44":{"start":{"line":131,"column":2},"end":{"line":131,"column":null}},"45":{"start":{"line":134,"column":12},"end":{"line":134,"column":29}},"46":{"start":{"line":135,"column":12},"end":{"line":135,"column":29}},"47":{"start":{"line":138,"column":17},"end":{"line":138,"column":26}},"48":{"start":{"line":139,"column":16},"end":{"line":139,"column":45}},"49":{"start":{"line":141,"column":2},"end":{"line":142,"column":null}},"50":{"start":{"line":141,"column":15},"end":{"line":141,"column":18}},"51":{"start":{"line":142,"column":4},"end":{"line":142,"column":null}},"52":{"start":{"line":145,"column":2},"end":{"line":145,"column":null}},"53":{"start":{"line":152,"column":22},"end":{"line":157,"column":null}},"54":{"start":{"line":160,"column":2},"end":{"line":172,"column":null}},"55":{"start":{"line":179,"column":2},"end":{"line":201,"column":null}},"56":{"start":{"line":180,"column":29},"end":{"line":180,"column":48}},"57":{"start":{"line":182,"column":29},"end":{"line":182,"column":46}},"58":{"start":{"line":183,"column":27},"end":{"line":183,"column":45}},"59":{"start":{"line":184,"column":35},"end":{"line":184,"column":49}},"60":{"start":{"line":186,"column":27},"end":{"line":186,"column":58}},"61":{"start":{"line":188,"column":35},"end":{"line":195,"column":null}},"62":{"start":{"line":198,"column":4},"end":{"line":198,"column":null}},"63":{"start":{"line":200,"column":4},"end":{"line":200,"column":null}},"64":{"start":{"line":201,"column":4},"end":{"line":201,"column":null}},"65":{"start":{"line":206,"column":15},"end":{"line":206,"column":null}},"66":{"start":{"line":207,"column":20},"end":{"line":207,"column":null}},"67":{"start":{"line":209,"column":2},"end":{"line":211,"column":null}},"68":{"start":{"line":209,"column":15},"end":{"line":209,"column":18}},"69":{"start":{"line":210,"column":18},"end":{"line":210,"column":50}},"70":{"start":{"line":211,"column":4},"end":{"line":211,"column":null}},"71":{"start":{"line":214,"column":2},"end":{"line":214,"column":null}},"72":{"start":{"line":221,"column":2},"end":{"line":222,"column":null}},"73":{"start":{"line":222,"column":4},"end":{"line":222,"column":null}},"74":{"start":{"line":225,"column":27},"end":{"line":225,"column":69}},"75":{"start":{"line":226,"column":25},"end":{"line":226,"column":67}},"76":{"start":{"line":228,"column":25},"end":{"line":228,"column":56}},"77":{"start":{"line":230,"column":33},"end":{"line":237,"column":null}},"78":{"start":{"line":240,"column":22},"end":{"line":240,"column":47}},"79":{"start":{"line":243,"column":19},"end":{"line":243,"column":79}},"80":{"start":{"line":245,"column":2},"end":{"line":245,"column":null}},"81":{"start":{"line":246,"column":2},"end":{"line":246,"column":null}},"82":{"start":{"line":247,"column":2},"end":{"line":247,"column":null}},"83":{"start":{"line":249,"column":2},"end":{"line":249,"column":null}},"84":{"start":{"line":252,"column":35},"end":{"line":273,"column":null}},"85":{"start":{"line":253,"column":22},"end":{"line":271,"column":null}},"86":{"start":{"line":273,"column":2},"end":{"line":273,"column":null}},"87":{"start":{"line":276,"column":13},"end":{"line":286,"column":null}},"88":{"start":{"line":281,"column":4},"end":{"line":282,"column":null}},"89":{"start":{"line":283,"column":15},"end":{"line":283,"column":42}},"90":{"start":{"line":284,"column":2},"end":{"line":286,"column":null}},"91":{"start":{"line":285,"column":4},"end":{"line":285,"column":null}}},"fnMap":{"0":{"name":"chatHistory","decl":{"start":{"line":7,"column":16},"end":{"line":7,"column":null}},"loc":{"start":{"line":9,"column":17},"end":{"line":19,"column":null}},"line":9},"1":{"name":"(anonymous_1)","decl":{"start":{"line":10,"column":15},"end":{"line":10,"column":24}},"loc":{"start":{"line":10,"column":48},"end":{"line":18,"column":null}},"line":10},"2":{"name":"optimizePayload","decl":{"start":{"line":23,"column":16},"end":{"line":23,"column":32}},"loc":{"start":{"line":23,"column":72},"end":{"line":66,"column":null}},"line":23},"3":{"name":"(anonymous_3)","decl":{"start":{"line":26,"column":8},"end":{"line":26,"column":20}},"loc":{"start":{"line":27,"column":4},"end":{"line":32,"column":13}},"line":27},"4":{"name":"(anonymous_4)","decl":{"start":{"line":34,"column":8},"end":{"line":34,"column":28}},"loc":{"start":{"line":34,"column":53},"end":{"line":43,"column":null}},"line":34},"5":{"name":"(anonymous_5)","decl":{"start":{"line":46,"column":29},"end":{"line":46,"column":37}},"loc":{"start":{"line":46,"column":43},"end":{"line":46,"column":61}},"line":46},"6":{"name":"cn","decl":{"start":{"line":69,"column":16},"end":{"line":69,"column":19}},"loc":{"start":{"line":69,"column":44},"end":{"line":70,"column":null}},"line":69},"7":{"name":"(anonymous_7)","decl":{"start":{"line":72,"column":13},"end":{"line":72,"column":39}},"loc":{"start":{"line":72,"column":39},"end":{"line":79,"column":null}},"line":72},"8":{"name":"(anonymous_8)","decl":{"start":{"line":82,"column":13},"end":{"line":82,"column":35}},"loc":{"start":{"line":82,"column":35},"end":{"line":83,"column":null}},"line":82},"9":{"name":"(anonymous_9)","decl":{"start":{"line":86,"column":13},"end":{"line":86,"column":null}},"loc":{"start":{"line":90,"column":5},"end":{"line":106,"column":null}},"line":90},"10":{"name":"(anonymous_10)","decl":{"start":{"line":109,"column":38},"end":{"line":109,"column":null}},"loc":{"start":{"line":112,"column":5},"end":{"line":126,"column":null}},"line":112},"11":{"name":"(anonymous_11)","decl":{"start":{"line":129,"column":13},"end":{"line":129,"column":39}},"loc":{"start":{"line":129,"column":39},"end":{"line":131,"column":null}},"line":129},"12":{"name":"fromBase64","decl":{"start":{"line":137,"column":9},"end":{"line":137,"column":20}},"loc":{"start":{"line":137,"column":45},"end":{"line":145,"column":null}},"line":137},"13":{"name":"deriveKey","decl":{"start":{"line":148,"column":15},"end":{"line":148,"column":null}},"loc":{"start":{"line":151,"column":22},"end":{"line":172,"column":null}},"line":151},"14":{"name":"decryptModern","decl":{"start":{"line":175,"column":22},"end":{"line":175,"column":null}},"loc":{"start":{"line":178,"column":19},"end":{"line":201,"column":null}},"line":178},"15":{"name":"toBase64","decl":{"start":{"line":205,"column":9},"end":{"line":205,"column":18}},"loc":{"start":{"line":205,"column":45},"end":{"line":214,"column":null}},"line":205},"16":{"name":"encryptModern","decl":{"start":{"line":217,"column":22},"end":{"line":217,"column":null}},"loc":{"start":{"line":220,"column":19},"end":{"line":249,"column":null}},"line":220},"17":{"name":"(anonymous_17)","decl":{"start":{"line":252,"column":35},"end":{"line":252,"column":42}},"loc":{"start":{"line":252,"column":73},"end":{"line":273,"column":null}},"line":252},"18":{"name":"(anonymous_18)","decl":{"start":{"line":276,"column":13},"end":{"line":276,"column":null}},"loc":{"start":{"line":279,"column":5},"end":{"line":286,"column":null}},"line":279},"19":{"name":"(anonymous_19)","decl":{"start":{"line":284,"column":15},"end":{"line":284,"column":21}},"loc":{"start":{"line":284,"column":39},"end":{"line":286,"column":null}},"line":284}},"branchMap":{"0":{"loc":{"start":{"line":37,"column":11},"end":{"line":43,"column":null}},"type":"cond-expr","locations":[{"start":{"line":39,"column":8},"end":{"line":41,"column":null}},{"start":{"line":43,"column":8},"end":{"line":43,"column":null}}],"line":37},"1":{"loc":{"start":{"line":56,"column":4},"end":{"line":57,"column":null}},"type":"if","locations":[{"start":{"line":56,"column":4},"end":{"line":57,"column":null}},{"start":{},"end":{}}],"line":56},"2":{"loc":{"start":{"line":75,"column":9},"end":{"line":79,"column":null}},"type":"cond-expr","locations":[{"start":{"line":76,"column":6},"end":{"line":76,"column":null}},{"start":{"line":77,"column":6},"end":{"line":79,"column":null}}],"line":75},"3":{"loc":{"start":{"line":77,"column":6},"end":{"line":79,"column":null}},"type":"cond-expr","locations":[{"start":{"line":78,"column":8},"end":{"line":78,"column":null}},{"start":{"line":79,"column":8},"end":{"line":79,"column":null}}],"line":77},"4":{"loc":{"start":{"line":77,"column":6},"end":{"line":77,"column":null}},"type":"binary-expr","locations":[{"start":{"line":77,"column":6},"end":{"line":77,"column":21}},{"start":{"line":77,"column":21},"end":{"line":77,"column":null}}],"line":77},"5":{"loc":{"start":{"line":91,"column":2},"end":{"line":104,"column":null}},"type":"if","locations":[{"start":{"line":91,"column":2},"end":{"line":104,"column":null}},{"start":{"line":93,"column":13},"end":{"line":104,"column":null}}],"line":91},"6":{"loc":{"start":{"line":93,"column":13},"end":{"line":104,"column":null}},"type":"if","locations":[{"start":{"line":93,"column":13},"end":{"line":104,"column":null}},{"start":{"line":96,"column":4},"end":{"line":104,"column":null}}],"line":93},"7":{"loc":{"start":{"line":96,"column":4},"end":{"line":104,"column":null}},"type":"if","locations":[{"start":{"line":96,"column":4},"end":{"line":104,"column":null}},{"start":{},"end":{}}],"line":96},"8":{"loc":{"start":{"line":96,"column":4},"end":{"line":102,"column":28}},"type":"binary-expr","locations":[{"start":{"line":96,"column":4},"end":{"line":96,"column":null}},{"start":{"line":97,"column":4},"end":{"line":97,"column":null}},{"start":{"line":98,"column":4},"end":{"line":98,"column":null}},{"start":{"line":99,"column":4},"end":{"line":99,"column":null}},{"start":{"line":100,"column":4},"end":{"line":100,"column":null}},{"start":{"line":101,"column":4},"end":{"line":101,"column":null}},{"start":{"line":102,"column":4},"end":{"line":102,"column":28}}],"line":96},"9":{"loc":{"start":{"line":221,"column":2},"end":{"line":222,"column":null}},"type":"if","locations":[{"start":{"line":221,"column":2},"end":{"line":222,"column":null}},{"start":{},"end":{}}],"line":221}},"s":{"0":3,"1":3,"2":11,"3":11,"4":11,"5":21,"6":11,"7":2,"8":2,"9":11,"10":27,"11":11,"12":11,"13":11,"14":21,"15":21,"16":2,"17":21,"18":11,"19":110,"20":14,"21":21,"22":21,"23":21,"24":14,"25":1,"26":14,"27":10,"28":1,"29":9,"30":1,"31":8,"32":1,"33":10,"34":14,"35":0,"36":0,"37":0,"38":0,"39":0,"40":0,"41":0,"42":14,"43":0,"44":0,"45":14,"46":14,"47":2,"48":2,"49":2,"50":2,"51":118,"52":2,"53":4,"54":4,"55":2,"56":2,"57":2,"58":2,"59":2,"60":2,"61":2,"62":1,"63":1,"64":1,"65":2,"66":2,"67":2,"68":2,"69":2,"70":2,"71":2,"72":3,"73":1,"74":2,"75":2,"76":2,"77":2,"78":2,"79":2,"80":2,"81":2,"82":2,"83":2,"84":14,"85":0,"86":0,"87":14,"88":0,"89":0,"90":0,"91":0},"f":{"0":3,"1":3,"2":11,"3":21,"4":2,"5":27,"6":110,"7":21,"8":1,"9":10,"10":0,"11":0,"12":2,"13":4,"14":2,"15":2,"16":3,"17":0,"18":0,"19":0},"b":{"0":[1,1],"1":[2,19],"2":[1,20],"3":[19,1],"4":[20,19],"5":[1,9],"6":[1,8],"7":[1,7],"8":[8,7,6,5,4,3,2],"9":[1,2]},"meta":{"lastBranch":10,"lastFunction":20,"lastStatement":92,"seen":{"f:7:16:7:Infinity":0,"s:10:2:19:Infinity":0,"f:10:15:10:24":1,"s:10:48:18:Infinity":1,"f:23:16:23:32":2,"s:24:22:24:Infinity":2,"s:25:51:25:Infinity":3,"s:26:8:32:13":4,"f:26:8:26:20":3,"s:27:4:32:13":5,"s:34:8:43:Infinity":6,"f:34:8:34:28":4,"s:35:39:35:Infinity":7,"s:37:4:43:Infinity":8,"b:39:8:41:Infinity:43:8:43:Infinity":0,"s:46:20:46:61":9,"f:46:29:46:37":5,"s:46:43:46:61":10,"s:49:17:49:46":11,"s:51:35:51:37":12,"s:53:2:63:Infinity":13,"s:54:18:54:39":14,"b:56:4:57:Infinity:undefined:undefined:undefined:undefined":1,"s:56:4:57:Infinity":15,"s:57:6:57:Infinity":16,"s:60:4:63:Infinity":17,"s:66:2:66:Infinity":18,"f:69:16:69:19":6,"s:70:2:70:Infinity":19,"s:72:13:79:Infinity":20,"f:72:13:72:39":7,"s:73:15:73:25":21,"s:74:14:74:29":22,"s:75:2:79:Infinity":23,"b:76:6:76:Infinity:77:6:79:Infinity":2,"b:78:8:78:Infinity:79:8:79:Infinity":3,"b:77:6:77:21:77:21:77:Infinity":4,"s:82:13:83:Infinity":24,"f:82:13:82:35":8,"s:83:2:83:Infinity":25,"s:86:13:106:Infinity":26,"f:86:13:86:Infinity":9,"b:91:2:104:Infinity:93:13:104:Infinity":5,"s:91:2:104:Infinity":27,"s:92:4:92:Infinity":28,"b:93:13:104:Infinity:96:4:104:Infinity":6,"s:93:13:104:Infinity":29,"s:94:4:94:Infinity":30,"b:96:4:104:Infinity:undefined:undefined:undefined:undefined":7,"s:96:4:104:Infinity":31,"b:96:4:96:Infinity:97:4:97:Infinity:98:4:98:Infinity:99:4:99:Infinity:100:4:100:Infinity:101:4:101:Infinity:102:4:102:28":8,"s:104:4:104:Infinity":32,"s:106:2:106:Infinity":33,"s:109:38:126:Infinity":34,"f:109:38:109:Infinity":10,"s:114:4:115:Infinity":35,"s:117:24:117:59":36,"s:119:25:119:74":37,"s:121:23:122:Infinity":38,"s:124:2:124:Infinity":39,"s:125:2:125:Infinity":40,"s:126:2:126:Infinity":41,"s:129:13:131:Infinity":42,"f:129:13:129:39":11,"s:130:3:130:Infinity":43,"s:131:2:131:Infinity":44,"s:134:12:134:29":45,"s:135:12:135:29":46,"f:137:9:137:20":12,"s:138:17:138:26":47,"s:139:16:139:45":48,"s:141:2:142:Infinity":49,"s:141:15:141:18":50,"s:142:4:142:Infinity":51,"s:145:2:145:Infinity":52,"f:148:15:148:Infinity":13,"s:152:22:157:Infinity":53,"s:160:2:172:Infinity":54,"f:175:22:175:Infinity":14,"s:179:2:201:Infinity":55,"s:180:29:180:48":56,"s:182:29:182:46":57,"s:183:27:183:45":58,"s:184:35:184:49":59,"s:186:27:186:58":60,"s:188:35:195:Infinity":61,"s:198:4:198:Infinity":62,"s:200:4:200:Infinity":63,"s:201:4:201:Infinity":64,"f:205:9:205:18":15,"s:206:15:206:Infinity":65,"s:207:20:207:Infinity":66,"s:209:2:211:Infinity":67,"s:209:15:209:18":68,"s:210:18:210:50":69,"s:211:4:211:Infinity":70,"s:214:2:214:Infinity":71,"f:217:22:217:Infinity":16,"b:221:2:222:Infinity:undefined:undefined:undefined:undefined":9,"s:221:2:222:Infinity":72,"s:222:4:222:Infinity":73,"s:225:27:225:69":74,"s:226:25:226:67":75,"s:228:25:228:56":76,"s:230:33:237:Infinity":77,"s:240:22:240:47":78,"s:243:19:243:79":79,"s:245:2:245:Infinity":80,"s:246:2:246:Infinity":81,"s:247:2:247:Infinity":82,"s:249:2:249:Infinity":83,"s:252:35:273:Infinity":84,"f:252:35:252:42":17,"s:253:22:271:Infinity":85,"s:273:2:273:Infinity":86,"s:276:13:286:Infinity":87,"f:276:13:276:Infinity":18,"s:281:4:282:Infinity":88,"s:283:15:283:42":89,"s:284:2:286:Infinity":90,"f:284:15:284:21":19,"s:285:4:285:Infinity":91}}}
}
